[17:25:39] [main/INFO] (FabricLoader) Loading for game Minecraft 1.17.1
[17:25:39] [main/DEBUG] (FabricLoader) Requesting deobfuscation of minecraft-1.17.1-mapped-net.fabricmc.yarn-1.17.1+build.14-v2.jar
[17:25:39] [main/DEBUG] (FabricLoader) [Knot] Proposed file:/C:/Users/dasgu/.gradle/caches/fabric-loom/1.17.1-mapped-net.fabricmc.yarn-1.17.1+build.14-v2/minecraft-1.17.1-mapped-net.fabricmc.yarn-1.17.1+build.14-v2.jar to classpath.
[17:25:39] [main/DEBUG] (FabricLoader|EntrypointTransformer) Found game constructor: net.minecraft.client.main.Main -> net.minecraft.client.MinecraftClient
[17:25:39] [main/DEBUG] (FabricLoader|EntrypointTransformer) Patching game constructor <init>(Lnet/minecraft/client/RunArgs;)V
[17:25:39] [main/DEBUG] (FabricLoader|EntrypointTransformer) Run directory field is thought to be net/minecraft/client/MinecraftClient/runDirectory
[17:25:39] [main/DEBUG] (FabricLoader|EntrypointTransformer) Applying brand name hook to net/minecraft/client/ClientBrandRetriever::getClientModName
[17:25:39] [main/DEBUG] (FabricLoader|EntrypointTransformer) Applying brand name hook to net/minecraft/server/MinecraftServer::getServerModName
[17:25:39] [main/DEBUG] (FabricLoader|EntrypointTransformer) [EntrypointTransformer] Patched 3 classes.
[17:25:39] [main/DEBUG] (Fabric|Loader) [ClasspathModCandidateFinder] Adding dev classpath directories to classpath.
[17:25:39] [main/DEBUG] (Fabric|Loader) [ClasspathModCandidateFinder] Processing /E:/Enderman's%20Saphire/.gradle/loom-cache/remapped_mods/net_fabricmc_yarn_1_17_1_1_17_1_build_14_v2/net/fabricmc/fabric-api/fabric-api/0.37.0+1.17/fabric-api-0.37.0+1.17.jar
[17:25:39] [main/DEBUG] (Fabric|Loader) [ClasspathModCandidateFinder] Processing /E:/Enderman's%20Saphire/.gradle/loom-cache/remapped_mods/net_fabricmc_yarn_1_17_1_1_17_1_build_14_v2/net/fabricmc/fabric-api/fabric-events-interaction-v0/0.4.9+a722d8c018/fabric-events-interaction-v0-0.4.9+a722d8c018.jar
[17:25:39] [ForkJoinPool-1-worker-3/DEBUG] (Fabric|Loader) Testing file:/E:/Enderman's%20Saphire/.gradle/loom-cache/remapped_mods/net_fabricmc_yarn_1_17_1_1_17_1_build_14_v2/net/fabricmc/fabric-api/fabric-api/0.37.0+1.17/fabric-api-0.37.0+1.17.jar
[17:25:39] [main/DEBUG] (Fabric|Loader) [ClasspathModCandidateFinder] Processing /E:/Enderman's%20Saphire/.gradle/loom-cache/remapped_mods/net_fabricmc_yarn_1_17_1_1_17_1_build_14_v2/net/fabricmc/fabric-api/fabric-events-lifecycle-v0/0.2.1+92519afa18/fabric-events-lifecycle-v0-0.2.1+92519afa18.jar
[17:25:39] [main/DEBUG] (Fabric|Loader) [ClasspathModCandidateFinder] Processing /E:/Enderman's%20Saphire/.gradle/loom-cache/remapped_mods/net_fabricmc_yarn_1_17_1_1_17_1_build_14_v2/net/fabricmc/fabric-api/fabric-biome-api-v1/3.1.11+c345aea818/fabric-biome-api-v1-3.1.11+c345aea818.jar
[17:25:39] [ForkJoinPool-1-worker-7/DEBUG] (Fabric|Loader) Testing file:/E:/Enderman's%20Saphire/.gradle/loom-cache/remapped_mods/net_fabricmc_yarn_1_17_1_1_17_1_build_14_v2/net/fabricmc/fabric-api/fabric-events-interaction-v0/0.4.9+a722d8c018/fabric-events-interaction-v0-0.4.9+a722d8c018.jar
[17:25:39] [main/DEBUG] (Fabric|Loader) [ClasspathModCandidateFinder] Processing /E:/Enderman's%20Saphire/.gradle/loom-cache/remapped_mods/net_fabricmc_yarn_1_17_1_1_17_1_build_14_v2/net/fabricmc/fabric-api/fabric-screen-api-v1/1.0.4+155f865c18/fabric-screen-api-v1-1.0.4+155f865c18.jar
[17:25:39] [main/DEBUG] (Fabric|Loader) [ClasspathModCandidateFinder] Processing /E:/Enderman's%20Saphire/.gradle/loom-cache/remapped_mods/net_fabricmc_yarn_1_17_1_1_17_1_build_14_v2/net/fabricmc/fabric-api/fabric-api-base/0.3.0+a02b446318/fabric-api-base-0.3.0+a02b446318.jar
[17:25:39] [main/DEBUG] (Fabric|Loader) [ClasspathModCandidateFinder] Processing /E:/Enderman's%20Saphire/.gradle/loom-cache/remapped_mods/net_fabricmc_yarn_1_17_1_1_17_1_build_14_v2/net/fabricmc/fabric-api/fabric-key-binding-api-v1/1.0.4+a02b446318/fabric-key-binding-api-v1-1.0.4+a02b446318.jar
[17:25:39] [main/DEBUG] (Fabric|Loader) [ClasspathModCandidateFinder] Processing /E:/Enderman's%20Saphire/.gradle/loom-cache/remapped_mods/net_fabricmc_yarn_1_17_1_1_17_1_build_14_v2/net/fabricmc/fabric-api/fabric-models-v0/0.3.0+a02b446318/fabric-models-v0-0.3.0+a02b446318.jar
[17:25:39] [ForkJoinPool-1-worker-5/DEBUG] (Fabric|Loader) Testing file:/E:/Enderman's%20Saphire/.gradle/loom-cache/remapped_mods/net_fabricmc_yarn_1_17_1_1_17_1_build_14_v2/net/fabricmc/fabric-api/fabric-events-lifecycle-v0/0.2.1+92519afa18/fabric-events-lifecycle-v0-0.2.1+92519afa18.jar
[17:25:39] [main/DEBUG] (Fabric|Loader) [ClasspathModCandidateFinder] Processing /E:/Enderman's%20Saphire/.gradle/loom-cache/remapped_mods/net_fabricmc_yarn_1_17_1_1_17_1_build_14_v2/net/fabricmc/fabric-api/fabric-item-groups-v0/0.2.10+b7ab612118/fabric-item-groups-v0-0.2.10+b7ab612118.jar
[17:25:39] [main/DEBUG] (Fabric|Loader) [ClasspathModCandidateFinder] Processing /E:/Enderman's%20Saphire/.gradle/loom-cache/remapped_mods/net_fabricmc_yarn_1_17_1_1_17_1_build_14_v2/net/fabricmc/fabric-api/fabric-tag-extensions-v0/1.1.4+a02b446318/fabric-tag-extensions-v0-1.1.4+a02b446318.jar
[17:25:39] [main/DEBUG] (Fabric|Loader) [ClasspathModCandidateFinder] Processing /E:/Enderman's%20Saphire/.gradle/loom-cache/remapped_mods/net_fabricmc_yarn_1_17_1_1_17_1_build_14_v2/net/fabricmc/fabric-api/fabric-rendering-fluids-v1/0.1.13+a02b446318/fabric-rendering-fluids-v1-0.1.13+a02b446318.jar
[17:25:39] [main/DEBUG] (Fabric|Loader) [ClasspathModCandidateFinder] Processing /E:/Enderman's%20Saphire/.gradle/loom-cache/remapped_mods/net_fabricmc_yarn_1_17_1_1_17_1_build_14_v2/net/fabricmc/fabric-api/fabric-keybindings-v0/0.2.2+36b77c3e18/fabric-keybindings-v0-0.2.2+36b77c3e18.jar
[17:25:39] [main/DEBUG] (Fabric|Loader) [ClasspathModCandidateFinder] Processing /E:/Enderman's%20Saphire/.gradle/loom-cache/remapped_mods/net_fabricmc_yarn_1_17_1_1_17_1_build_14_v2/net/fabricmc/fabric-loader/0.11.6/fabric-loader-0.11.6.jar
[17:25:39] [main/DEBUG] (Fabric|Loader) [ClasspathModCandidateFinder] Processing /E:/Enderman's%20Saphire/.gradle/loom-cache/remapped_mods/net_fabricmc_yarn_1_17_1_1_17_1_build_14_v2/net/fabricmc/fabric-api/fabric-item-api-v1/1.2.4+a02b446318/fabric-item-api-v1-1.2.4+a02b446318.jar
[17:25:39] [main/DEBUG] (Fabric|Loader) [ClasspathModCandidateFinder] Processing /E:/Enderman's%20Saphire/.gradle/loom-cache/remapped_mods/net_fabricmc_yarn_1_17_1_1_17_1_build_14_v2/net/fabricmc/fabric-api/fabric-registry-sync-v0/0.7.10+e2961fee18/fabric-registry-sync-v0-0.7.10+e2961fee18.jar
[17:25:39] [main/DEBUG] (Fabric|Loader) [ClasspathModCandidateFinder] Processing /E:/Enderman's%20Saphire/.gradle/loom-cache/remapped_mods/net_fabricmc_yarn_1_17_1_1_17_1_build_14_v2/net/fabricmc/fabric-api/fabric-containers-v0/0.1.12+a02b446318/fabric-containers-v0-0.1.12+a02b446318.jar
[17:25:39] [main/DEBUG] (Fabric|Loader) [ClasspathModCandidateFinder] Processing /E:/Enderman's%20Saphire/.gradle/loom-cache/remapped_mods/net_fabricmc_yarn_1_17_1_1_17_1_build_14_v2/net/fabricmc/fabric-api/fabric-resource-loader-v0/0.4.8+a00e834b18/fabric-resource-loader-v0-0.4.8+a00e834b18.jar
[17:25:39] [main/DEBUG] (Fabric|Loader) [ClasspathModCandidateFinder] Processing /E:/Enderman's%20Saphire/.gradle/loom-cache/remapped_mods/net_fabricmc_yarn_1_17_1_1_17_1_build_14_v2/net/fabricmc/fabric-api/fabric-structure-api-v1/1.1.12+6cefd57718/fabric-structure-api-v1-1.1.12+6cefd57718.jar
[17:25:39] [main/DEBUG] (Fabric|Loader) [ClasspathModCandidateFinder] Processing /E:/Enderman's%20Saphire/.gradle/loom-cache/remapped_mods/net_fabricmc_yarn_1_17_1_1_17_1_build_14_v2/net/fabricmc/fabric-api/fabric-rendering-v1/1.6.0+a02b446318/fabric-rendering-v1-1.6.0+a02b446318.jar
[17:25:39] [main/DEBUG] (Fabric|Loader) [ClasspathModCandidateFinder] Processing /E:/Enderman's%20Saphire/.gradle/loom-cache/remapped_mods/net_fabricmc_yarn_1_17_1_1_17_1_build_14_v2/net/fabricmc/fabric-api/fabric-transfer-api-v1/1.0.0+3fe3c3f518/fabric-transfer-api-v1-1.0.0+3fe3c3f518.jar
[17:25:39] [main/DEBUG] (Fabric|Loader) [ClasspathModCandidateFinder] Processing /E:/Enderman's%20Saphire/.gradle/loom-cache/remapped_mods/net_fabricmc_yarn_1_17_1_1_17_1_build_14_v2/net/fabricmc/fabric-api/fabric-rendering-data-attachment-v1/0.1.5+a02b446318/fabric-rendering-data-attachment-v1-0.1.5+a02b446318.jar
[17:25:39] [main/DEBUG] (Fabric|Loader) [ClasspathModCandidateFinder] Processing /E:/Enderman's%20Saphire/.gradle/loom-cache/remapped_mods/net_fabricmc_yarn_1_17_1_1_17_1_build_14_v2/net/fabricmc/fabric-api/fabric-loot-tables-v1/1.0.4+a02b446318/fabric-loot-tables-v1-1.0.4+a02b446318.jar
[17:25:39] [main/DEBUG] (Fabric|Loader) [ClasspathModCandidateFinder] Processing /E:/Enderman's%20Saphire/.gradle/loom-cache/remapped_mods/net_fabricmc_yarn_1_17_1_1_17_1_build_14_v2/net/fabricmc/fabric-api/fabric-tool-attribute-api-v1/1.2.12+b7ab612118/fabric-tool-attribute-api-v1-1.2.12+b7ab612118.jar
[17:25:39] [main/DEBUG] (Fabric|Loader) [ClasspathModCandidateFinder] Processing /E:/Enderman's%20Saphire/.gradle/loom-cache/remapped_mods/net_fabricmc_yarn_1_17_1_1_17_1_build_14_v2/net/fabricmc/fabric-api/fabric-commands-v0/0.2.2+92519afa18/fabric-commands-v0-0.2.2+92519afa18.jar
[17:25:39] [main/DEBUG] (Fabric|Loader) [ClasspathModCandidateFinder] Processing /E:/Enderman's%20Saphire/.gradle/loom-cache/remapped_mods/net_fabricmc_yarn_1_17_1_1_17_1_build_14_v2/net/fabricmc/fabric-api/fabric-rendering-v0/1.1.2+92519afa18/fabric-rendering-v0-1.1.2+92519afa18.jar
[17:25:39] [main/DEBUG] (Fabric|Loader) [ClasspathModCandidateFinder] Processing /E:/Enderman's%20Saphire/.gradle/loom-cache/remapped_mods/net_fabricmc_yarn_1_17_1_1_17_1_build_14_v2/net/fabricmc/fabric-api/fabric-api-lookup-api-v1/1.2.0+2b5c62d018/fabric-api-lookup-api-v1-1.2.0+2b5c62d018.jar
[17:25:39] [main/DEBUG] (Fabric|Loader) [ClasspathModCandidateFinder] Processing /E:/Enderman's%20Saphire/.gradle/loom-cache/remapped_mods/net_fabricmc_yarn_1_17_1_1_17_1_build_14_v2/net/fabricmc/fabric-api/fabric-networking-blockentity-v0/0.2.11+a02b446318/fabric-networking-blockentity-v0-0.2.11+a02b446318.jar
[17:25:39] [main/DEBUG] (Fabric|Loader) [ClasspathModCandidateFinder] Processing /E:/Enderman's%20Saphire/.gradle/loom-cache/remapped_mods/net_fabricmc_yarn_1_17_1_1_17_1_build_14_v2/net/fabricmc/fabric-api/fabric-game-rule-api-v1/1.0.7+6cefd57718/fabric-game-rule-api-v1-1.0.7+6cefd57718.jar
[17:25:39] [main/DEBUG] (Fabric|Loader) [ClasspathModCandidateFinder] Processing /E:/Enderman's%20Saphire/.gradle/loom-cache/remapped_mods/net_fabricmc_yarn_1_17_1_1_17_1_build_14_v2/net/fabricmc/fabric-api/fabric-networking-v0/0.3.2+92519afa18/fabric-networking-v0-0.3.2+92519afa18.jar
[17:25:39] [main/DEBUG] (Fabric|Loader) [ClasspathModCandidateFinder] Processing /E:/Enderman's%20Saphire/.gradle/loom-cache/remapped_mods/net_fabricmc_yarn_1_17_1_1_17_1_build_14_v2/net/fabricmc/fabric-api/fabric-mining-levels-v0/0.1.3+92519afa18/fabric-mining-levels-v0-0.1.3+92519afa18.jar
[17:25:39] [main/DEBUG] (Fabric|Loader) [ClasspathModCandidateFinder] Processing /E:/Enderman's%20Saphire/.gradle/loom-cache/remapped_mods/net_fabricmc_yarn_1_17_1_1_17_1_build_14_v2/net/fabricmc/fabric-api/fabric-object-builder-api-v1/1.10.9+b7ab612118/fabric-object-builder-api-v1-1.10.9+b7ab612118.jar
[17:25:39] [main/DEBUG] (Fabric|Loader) [ClasspathModCandidateFinder] Processing /E:/Enderman's%20Saphire/.gradle/loom-cache/remapped_mods/net_fabricmc_yarn_1_17_1_1_17_1_build_14_v2/net/fabricmc/fabric-api/fabric-textures-v0/1.0.6+a02b446318/fabric-textures-v0-1.0.6+a02b446318.jar
[17:25:39] [main/DEBUG] (Fabric|Loader) [ClasspathModCandidateFinder] Processing /E:/Enderman's%20Saphire/.gradle/loom-cache/remapped_mods/net_fabricmc_yarn_1_17_1_1_17_1_build_14_v2/net/fabricmc/fabric-api/fabric-particles-v1/0.2.4+a02b446318/fabric-particles-v1-0.2.4+a02b446318.jar
[17:25:39] [main/DEBUG] (Fabric|Loader) [ClasspathModCandidateFinder] Processing /E:/Enderman's%20Saphire/.gradle/loom-cache/remapped_mods/net_fabricmc_yarn_1_17_1_1_17_1_build_14_v2/net/fabricmc/fabric-api/fabric-networking-api-v1/1.0.12+6cefd57718/fabric-networking-api-v1-1.0.12+6cefd57718.jar
[17:25:39] [main/DEBUG] (Fabric|Loader) [ClasspathModCandidateFinder] Processing /E:/Enderman's%20Saphire/.gradle/loom-cache/remapped_mods/net_fabricmc_yarn_1_17_1_1_17_1_build_14_v2/net/fabricmc/fabric-api/fabric-lifecycle-events-v1/1.4.4+a02b446318/fabric-lifecycle-events-v1-1.4.4+a02b446318.jar
[17:25:39] [main/DEBUG] (Fabric|Loader) [ClasspathModCandidateFinder] Processing /E:/Enderman's%20Saphire/.gradle/loom-cache/remapped_mods/net_fabricmc_yarn_1_17_1_1_17_1_build_14_v2/net/fabricmc/fabric-api/fabric-screen-handler-api-v1/1.1.8+a02b446318/fabric-screen-handler-api-v1-1.1.8+a02b446318.jar
[17:25:39] [main/DEBUG] (Fabric|Loader) [ClasspathModCandidateFinder] Processing /E:/Enderman's%20Saphire/.gradle/loom-cache/remapped_mods/net_fabricmc_yarn_1_17_1_1_17_1_build_14_v2/net/fabricmc/fabric-api/fabric-crash-report-info-v1/0.1.5+be9da31018/fabric-crash-report-info-v1-0.1.5+be9da31018.jar
[17:25:39] [main/DEBUG] (Fabric|Loader) [ClasspathModCandidateFinder] Processing /E:/Enderman's%20Saphire/.gradle/loom-cache/remapped_mods/net_fabricmc_yarn_1_17_1_1_17_1_build_14_v2/net/fabricmc/fabric-api/fabric-content-registries-v0/0.2.2+a02b446318/fabric-content-registries-v0-0.2.2+a02b446318.jar
[17:25:39] [main/DEBUG] (Fabric|Loader) [ClasspathModCandidateFinder] Processing /E:/Enderman's%20Saphire/.gradle/loom-cache/remapped_mods/net_fabricmc_yarn_1_17_1_1_17_1_build_14_v2/net/fabricmc/fabric-api/fabric-renderer-registries-v1/3.2.0+a02b446318/fabric-renderer-registries-v1-3.2.0+a02b446318.jar
[17:25:39] [main/DEBUG] (Fabric|Loader) [ClasspathModCandidateFinder] Processing /E:/Enderman's%20Saphire/.gradle/loom-cache/remapped_mods/net_fabricmc_yarn_1_17_1_1_17_1_build_14_v2/net/fabricmc/fabric-api/fabric-dimensions-v1/2.0.11+6cefd57718/fabric-dimensions-v1-2.0.11+6cefd57718.jar
[17:25:39] [main/DEBUG] (Fabric|Loader) [ClasspathModCandidateFinder] Processing /E:/Enderman's%20Saphire/.gradle/loom-cache/remapped_mods/net_fabricmc_yarn_1_17_1_1_17_1_build_14_v2/net/fabricmc/fabric-api/fabric-object-builders-v0/0.7.3+a02b446318/fabric-object-builders-v0-0.7.3+a02b446318.jar
[17:25:39] [main/DEBUG] (Fabric|Loader) [ClasspathModCandidateFinder] Processing /E:/Enderman's%20Saphire/.gradle/loom-cache/remapped_mods/net_fabricmc_yarn_1_17_1_1_17_1_build_14_v2/net/fabricmc/fabric-api/fabric-entity-events-v1/1.1.0+a02b446318/fabric-entity-events-v1-1.1.0+a02b446318.jar
[17:25:39] [main/DEBUG] (Fabric|Loader) [ClasspathModCandidateFinder] Processing /E:/Enderman's%20Saphire/.gradle/loom-cache/remapped_mods/net_fabricmc_yarn_1_17_1_1_17_1_build_14_v2/net/fabricmc/fabric-api/fabric-renderer-indigo/0.4.8+a02b446318/fabric-renderer-indigo-0.4.8+a02b446318.jar
[17:25:39] [main/DEBUG] (Fabric|Loader) [ClasspathModCandidateFinder] Processing /E:/Enderman's%20Saphire/bin/main/
[17:25:39] [main/DEBUG] (Fabric|Loader) [ClasspathModCandidateFinder] Processing /E:/Enderman's%20Saphire/.gradle/loom-cache/remapped_mods/net_fabricmc_yarn_1_17_1_1_17_1_build_14_v2/net/fabricmc/fabric-api/fabric-blockrenderlayer-v1/1.1.5+a02b446318/fabric-blockrenderlayer-v1-1.1.5+a02b446318.jar
[17:25:39] [main/DEBUG] (Fabric|Loader) [ClasspathModCandidateFinder] Processing /E:/Enderman's%20Saphire/.gradle/loom-cache/remapped_mods/net_fabricmc_yarn_1_17_1_1_17_1_build_14_v2/net/fabricmc/fabric-api/fabric-renderer-api-v1/0.4.4+5f02c96918/fabric-renderer-api-v1-0.4.4+5f02c96918.jar
[17:25:39] [main/DEBUG] (Fabric|Loader) [ClasspathModCandidateFinder] Processing /E:/Enderman's%20Saphire/.gradle/loom-cache/remapped_mods/net_fabricmc_yarn_1_17_1_1_17_1_build_14_v2/net/fabricmc/fabric-api/fabric-command-api-v1/1.1.3+5ab9934c18/fabric-command-api-v1-1.1.3+5ab9934c18.jar
[17:25:39] [ForkJoinPool-1-worker-3/DEBUG] (Fabric|Loader) Adding file:/E:/Enderman's%20Saphire/.gradle/loom-cache/remapped_mods/net_fabricmc_yarn_1_17_1_1_17_1_build_14_v2/net/fabricmc/fabric-api/fabric-api/0.37.0+1.17/fabric-api-0.37.0+1.17.jar as ModCandidate{fabric@0.37.0+1.17}
[17:25:39] [ForkJoinPool-1-worker-5/DEBUG] (Fabric|Loader) Adding file:/E:/Enderman's%20Saphire/.gradle/loom-cache/remapped_mods/net_fabricmc_yarn_1_17_1_1_17_1_build_14_v2/net/fabricmc/fabric-api/fabric-events-lifecycle-v0/0.2.1+92519afa18/fabric-events-lifecycle-v0-0.2.1+92519afa18.jar as ModCandidate{fabric-events-lifecycle-v0@0.2.1+92519afa18}
[17:25:39] [ForkJoinPool-1-worker-7/DEBUG] (Fabric|Loader) Adding file:/E:/Enderman's%20Saphire/.gradle/loom-cache/remapped_mods/net_fabricmc_yarn_1_17_1_1_17_1_build_14_v2/net/fabricmc/fabric-api/fabric-events-interaction-v0/0.4.9+a722d8c018/fabric-events-interaction-v0-0.4.9+a722d8c018.jar as ModCandidate{fabric-events-interaction-v0@0.4.9+a722d8c018}
[17:25:39] [ForkJoinPool-1-worker-5/DEBUG] (Fabric|Loader) Searching for nested JARs in ModCandidate{fabric-events-lifecycle-v0@0.2.1+92519afa18}
[17:25:39] [ForkJoinPool-1-worker-7/DEBUG] (Fabric|Loader) Searching for nested JARs in ModCandidate{fabric-events-interaction-v0@0.4.9+a722d8c018}
[17:25:39] [ForkJoinPool-1-worker-3/DEBUG] (Fabric|Loader) Searching for nested JARs in ModCandidate{fabric@0.37.0+1.17}
[17:25:39] [ForkJoinPool-1-worker-3/DEBUG] (Fabric|Loader) file:/E:/Enderman's%20Saphire/.gradle/loom-cache/remapped_mods/net_fabricmc_yarn_1_17_1_1_17_1_build_14_v2/net/fabricmc/fabric-api/fabric-api/0.37.0+1.17/fabric-api-0.37.0+1.17.jar
[17:25:39] [ForkJoinPool-1-worker-7/DEBUG] (Fabric|Loader) file:/E:/Enderman's%20Saphire/.gradle/loom-cache/remapped_mods/net_fabricmc_yarn_1_17_1_1_17_1_build_14_v2/net/fabricmc/fabric-api/fabric-events-interaction-v0/0.4.9+a722d8c018/fabric-events-interaction-v0-0.4.9+a722d8c018.jar
[17:25:39] [ForkJoinPool-1-worker-5/DEBUG] (Fabric|Loader) file:/E:/Enderman's%20Saphire/.gradle/loom-cache/remapped_mods/net_fabricmc_yarn_1_17_1_1_17_1_build_14_v2/net/fabricmc/fabric-api/fabric-events-lifecycle-v0/0.2.1+92519afa18/fabric-events-lifecycle-v0-0.2.1+92519afa18.jar
[17:25:39] [ForkJoinPool-1-worker-3/DEBUG] (Fabric|Loader) Testing file:/E:/Enderman's%20Saphire/.gradle/loom-cache/remapped_mods/net_fabricmc_yarn_1_17_1_1_17_1_build_14_v2/net/fabricmc/fabric-api/fabric-biome-api-v1/3.1.11+c345aea818/fabric-biome-api-v1-3.1.11+c345aea818.jar
[17:25:39] [ForkJoinPool-1-worker-5/DEBUG] (Fabric|Loader) Testing file:/E:/Enderman's%20Saphire/.gradle/loom-cache/remapped_mods/net_fabricmc_yarn_1_17_1_1_17_1_build_14_v2/net/fabricmc/fabric-api/fabric-screen-api-v1/1.0.4+155f865c18/fabric-screen-api-v1-1.0.4+155f865c18.jar
[17:25:39] [ForkJoinPool-1-worker-7/DEBUG] (Fabric|Loader) Testing file:/E:/Enderman's%20Saphire/.gradle/loom-cache/remapped_mods/net_fabricmc_yarn_1_17_1_1_17_1_build_14_v2/net/fabricmc/fabric-api/fabric-api-base/0.3.0+a02b446318/fabric-api-base-0.3.0+a02b446318.jar
[17:25:39] [ForkJoinPool-1-worker-3/DEBUG] (Fabric|Loader) Adding file:/E:/Enderman's%20Saphire/.gradle/loom-cache/remapped_mods/net_fabricmc_yarn_1_17_1_1_17_1_build_14_v2/net/fabricmc/fabric-api/fabric-biome-api-v1/3.1.11+c345aea818/fabric-biome-api-v1-3.1.11+c345aea818.jar as ModCandidate{fabric-biome-api-v1@3.1.11+c345aea818}
[17:25:39] [ForkJoinPool-1-worker-3/DEBUG] (Fabric|Loader) Searching for nested JARs in ModCandidate{fabric-biome-api-v1@3.1.11+c345aea818}
[17:25:39] [ForkJoinPool-1-worker-3/DEBUG] (Fabric|Loader) file:/E:/Enderman's%20Saphire/.gradle/loom-cache/remapped_mods/net_fabricmc_yarn_1_17_1_1_17_1_build_14_v2/net/fabricmc/fabric-api/fabric-biome-api-v1/3.1.11+c345aea818/fabric-biome-api-v1-3.1.11+c345aea818.jar
[17:25:39] [ForkJoinPool-1-worker-3/DEBUG] (Fabric|Loader) Testing file:/E:/Enderman's%20Saphire/.gradle/loom-cache/remapped_mods/net_fabricmc_yarn_1_17_1_1_17_1_build_14_v2/net/fabricmc/fabric-api/fabric-key-binding-api-v1/1.0.4+a02b446318/fabric-key-binding-api-v1-1.0.4+a02b446318.jar
[17:25:39] [ForkJoinPool-1-worker-7/DEBUG] (Fabric|Loader) Adding file:/E:/Enderman's%20Saphire/.gradle/loom-cache/remapped_mods/net_fabricmc_yarn_1_17_1_1_17_1_build_14_v2/net/fabricmc/fabric-api/fabric-api-base/0.3.0+a02b446318/fabric-api-base-0.3.0+a02b446318.jar as ModCandidate{fabric-api-base@0.3.0+a02b446318}
[17:25:39] [ForkJoinPool-1-worker-7/DEBUG] (Fabric|Loader) Searching for nested JARs in ModCandidate{fabric-api-base@0.3.0+a02b446318}
[17:25:39] [ForkJoinPool-1-worker-7/DEBUG] (Fabric|Loader) file:/E:/Enderman's%20Saphire/.gradle/loom-cache/remapped_mods/net_fabricmc_yarn_1_17_1_1_17_1_build_14_v2/net/fabricmc/fabric-api/fabric-api-base/0.3.0+a02b446318/fabric-api-base-0.3.0+a02b446318.jar
[17:25:39] [ForkJoinPool-1-worker-7/DEBUG] (Fabric|Loader) Testing file:/E:/Enderman's%20Saphire/.gradle/loom-cache/remapped_mods/net_fabricmc_yarn_1_17_1_1_17_1_build_14_v2/net/fabricmc/fabric-api/fabric-models-v0/0.3.0+a02b446318/fabric-models-v0-0.3.0+a02b446318.jar
[17:25:39] [ForkJoinPool-1-worker-5/DEBUG] (Fabric|Loader) Adding file:/E:/Enderman's%20Saphire/.gradle/loom-cache/remapped_mods/net_fabricmc_yarn_1_17_1_1_17_1_build_14_v2/net/fabricmc/fabric-api/fabric-screen-api-v1/1.0.4+155f865c18/fabric-screen-api-v1-1.0.4+155f865c18.jar as ModCandidate{fabric-screen-api-v1@1.0.4+155f865c18}
[17:25:39] [ForkJoinPool-1-worker-5/DEBUG] (Fabric|Loader) Searching for nested JARs in ModCandidate{fabric-screen-api-v1@1.0.4+155f865c18}
[17:25:39] [ForkJoinPool-1-worker-5/DEBUG] (Fabric|Loader) file:/E:/Enderman's%20Saphire/.gradle/loom-cache/remapped_mods/net_fabricmc_yarn_1_17_1_1_17_1_build_14_v2/net/fabricmc/fabric-api/fabric-screen-api-v1/1.0.4+155f865c18/fabric-screen-api-v1-1.0.4+155f865c18.jar
[17:25:39] [ForkJoinPool-1-worker-5/DEBUG] (Fabric|Loader) Testing file:/E:/Enderman's%20Saphire/.gradle/loom-cache/remapped_mods/net_fabricmc_yarn_1_17_1_1_17_1_build_14_v2/net/fabricmc/fabric-api/fabric-item-groups-v0/0.2.10+b7ab612118/fabric-item-groups-v0-0.2.10+b7ab612118.jar
[17:25:39] [ForkJoinPool-1-worker-7/DEBUG] (Fabric|Loader) Adding file:/E:/Enderman's%20Saphire/.gradle/loom-cache/remapped_mods/net_fabricmc_yarn_1_17_1_1_17_1_build_14_v2/net/fabricmc/fabric-api/fabric-models-v0/0.3.0+a02b446318/fabric-models-v0-0.3.0+a02b446318.jar as ModCandidate{fabric-models-v0@0.3.0+a02b446318}
[17:25:39] [ForkJoinPool-1-worker-7/DEBUG] (Fabric|Loader) Searching for nested JARs in ModCandidate{fabric-models-v0@0.3.0+a02b446318}
[17:25:39] [ForkJoinPool-1-worker-7/DEBUG] (Fabric|Loader) file:/E:/Enderman's%20Saphire/.gradle/loom-cache/remapped_mods/net_fabricmc_yarn_1_17_1_1_17_1_build_14_v2/net/fabricmc/fabric-api/fabric-models-v0/0.3.0+a02b446318/fabric-models-v0-0.3.0+a02b446318.jar
[17:25:39] [ForkJoinPool-1-worker-7/DEBUG] (Fabric|Loader) Testing file:/E:/Enderman's%20Saphire/.gradle/loom-cache/remapped_mods/net_fabricmc_yarn_1_17_1_1_17_1_build_14_v2/net/fabricmc/fabric-api/fabric-tag-extensions-v0/1.1.4+a02b446318/fabric-tag-extensions-v0-1.1.4+a02b446318.jar
[17:25:39] [ForkJoinPool-1-worker-3/DEBUG] (Fabric|Loader) Adding file:/E:/Enderman's%20Saphire/.gradle/loom-cache/remapped_mods/net_fabricmc_yarn_1_17_1_1_17_1_build_14_v2/net/fabricmc/fabric-api/fabric-key-binding-api-v1/1.0.4+a02b446318/fabric-key-binding-api-v1-1.0.4+a02b446318.jar as ModCandidate{fabric-key-binding-api-v1@1.0.4+a02b446318}
[17:25:39] [ForkJoinPool-1-worker-3/DEBUG] (Fabric|Loader) Searching for nested JARs in ModCandidate{fabric-key-binding-api-v1@1.0.4+a02b446318}
[17:25:39] [ForkJoinPool-1-worker-3/DEBUG] (Fabric|Loader) file:/E:/Enderman's%20Saphire/.gradle/loom-cache/remapped_mods/net_fabricmc_yarn_1_17_1_1_17_1_build_14_v2/net/fabricmc/fabric-api/fabric-key-binding-api-v1/1.0.4+a02b446318/fabric-key-binding-api-v1-1.0.4+a02b446318.jar
[17:25:39] [ForkJoinPool-1-worker-3/DEBUG] (Fabric|Loader) Testing file:/E:/Enderman's%20Saphire/.gradle/loom-cache/remapped_mods/net_fabricmc_yarn_1_17_1_1_17_1_build_14_v2/net/fabricmc/fabric-api/fabric-rendering-fluids-v1/0.1.13+a02b446318/fabric-rendering-fluids-v1-0.1.13+a02b446318.jar
[17:25:39] [ForkJoinPool-1-worker-7/DEBUG] (Fabric|Loader) Adding file:/E:/Enderman's%20Saphire/.gradle/loom-cache/remapped_mods/net_fabricmc_yarn_1_17_1_1_17_1_build_14_v2/net/fabricmc/fabric-api/fabric-tag-extensions-v0/1.1.4+a02b446318/fabric-tag-extensions-v0-1.1.4+a02b446318.jar as ModCandidate{fabric-tag-extensions-v0@1.1.4+a02b446318}
[17:25:39] [ForkJoinPool-1-worker-7/DEBUG] (Fabric|Loader) Searching for nested JARs in ModCandidate{fabric-tag-extensions-v0@1.1.4+a02b446318}
[17:25:39] [ForkJoinPool-1-worker-7/DEBUG] (Fabric|Loader) file:/E:/Enderman's%20Saphire/.gradle/loom-cache/remapped_mods/net_fabricmc_yarn_1_17_1_1_17_1_build_14_v2/net/fabricmc/fabric-api/fabric-tag-extensions-v0/1.1.4+a02b446318/fabric-tag-extensions-v0-1.1.4+a02b446318.jar
[17:25:39] [ForkJoinPool-1-worker-7/DEBUG] (Fabric|Loader) Testing file:/E:/Enderman's%20Saphire/.gradle/loom-cache/remapped_mods/net_fabricmc_yarn_1_17_1_1_17_1_build_14_v2/net/fabricmc/fabric-api/fabric-keybindings-v0/0.2.2+36b77c3e18/fabric-keybindings-v0-0.2.2+36b77c3e18.jar
[17:25:39] [ForkJoinPool-1-worker-5/DEBUG] (Fabric|Loader) Adding file:/E:/Enderman's%20Saphire/.gradle/loom-cache/remapped_mods/net_fabricmc_yarn_1_17_1_1_17_1_build_14_v2/net/fabricmc/fabric-api/fabric-item-groups-v0/0.2.10+b7ab612118/fabric-item-groups-v0-0.2.10+b7ab612118.jar as ModCandidate{fabric-item-groups-v0@0.2.10+b7ab612118}
[17:25:39] [ForkJoinPool-1-worker-5/DEBUG] (Fabric|Loader) Searching for nested JARs in ModCandidate{fabric-item-groups-v0@0.2.10+b7ab612118}
[17:25:39] [ForkJoinPool-1-worker-5/DEBUG] (Fabric|Loader) file:/E:/Enderman's%20Saphire/.gradle/loom-cache/remapped_mods/net_fabricmc_yarn_1_17_1_1_17_1_build_14_v2/net/fabricmc/fabric-api/fabric-item-groups-v0/0.2.10+b7ab612118/fabric-item-groups-v0-0.2.10+b7ab612118.jar
[17:25:39] [ForkJoinPool-1-worker-5/DEBUG] (Fabric|Loader) Testing file:/E:/Enderman's%20Saphire/.gradle/loom-cache/remapped_mods/net_fabricmc_yarn_1_17_1_1_17_1_build_14_v2/net/fabricmc/fabric-loader/0.11.6/fabric-loader-0.11.6.jar
[17:25:39] [ForkJoinPool-1-worker-7/DEBUG] (Fabric|Loader) Adding file:/E:/Enderman's%20Saphire/.gradle/loom-cache/remapped_mods/net_fabricmc_yarn_1_17_1_1_17_1_build_14_v2/net/fabricmc/fabric-api/fabric-keybindings-v0/0.2.2+36b77c3e18/fabric-keybindings-v0-0.2.2+36b77c3e18.jar as ModCandidate{fabric-keybindings-v0@0.2.2+36b77c3e18}
[17:25:39] [ForkJoinPool-1-worker-7/DEBUG] (Fabric|Loader) Searching for nested JARs in ModCandidate{fabric-keybindings-v0@0.2.2+36b77c3e18}
[17:25:39] [ForkJoinPool-1-worker-7/DEBUG] (Fabric|Loader) file:/E:/Enderman's%20Saphire/.gradle/loom-cache/remapped_mods/net_fabricmc_yarn_1_17_1_1_17_1_build_14_v2/net/fabricmc/fabric-api/fabric-keybindings-v0/0.2.2+36b77c3e18/fabric-keybindings-v0-0.2.2+36b77c3e18.jar
[17:25:39] [ForkJoinPool-1-worker-7/DEBUG] (Fabric|Loader) Testing file:/E:/Enderman's%20Saphire/.gradle/loom-cache/remapped_mods/net_fabricmc_yarn_1_17_1_1_17_1_build_14_v2/net/fabricmc/fabric-api/fabric-item-api-v1/1.2.4+a02b446318/fabric-item-api-v1-1.2.4+a02b446318.jar
[17:25:39] [ForkJoinPool-1-worker-3/DEBUG] (Fabric|Loader) Adding file:/E:/Enderman's%20Saphire/.gradle/loom-cache/remapped_mods/net_fabricmc_yarn_1_17_1_1_17_1_build_14_v2/net/fabricmc/fabric-api/fabric-rendering-fluids-v1/0.1.13+a02b446318/fabric-rendering-fluids-v1-0.1.13+a02b446318.jar as ModCandidate{fabric-rendering-fluids-v1@0.1.13+a02b446318}
[17:25:39] [ForkJoinPool-1-worker-3/DEBUG] (Fabric|Loader) Searching for nested JARs in ModCandidate{fabric-rendering-fluids-v1@0.1.13+a02b446318}
[17:25:39] [ForkJoinPool-1-worker-3/DEBUG] (Fabric|Loader) file:/E:/Enderman's%20Saphire/.gradle/loom-cache/remapped_mods/net_fabricmc_yarn_1_17_1_1_17_1_build_14_v2/net/fabricmc/fabric-api/fabric-rendering-fluids-v1/0.1.13+a02b446318/fabric-rendering-fluids-v1-0.1.13+a02b446318.jar
[17:25:39] [ForkJoinPool-1-worker-3/DEBUG] (Fabric|Loader) Testing file:/E:/Enderman's%20Saphire/.gradle/loom-cache/remapped_mods/net_fabricmc_yarn_1_17_1_1_17_1_build_14_v2/net/fabricmc/fabric-api/fabric-registry-sync-v0/0.7.10+e2961fee18/fabric-registry-sync-v0-0.7.10+e2961fee18.jar
[17:25:39] [ForkJoinPool-1-worker-7/DEBUG] (Fabric|Loader) Adding file:/E:/Enderman's%20Saphire/.gradle/loom-cache/remapped_mods/net_fabricmc_yarn_1_17_1_1_17_1_build_14_v2/net/fabricmc/fabric-api/fabric-item-api-v1/1.2.4+a02b446318/fabric-item-api-v1-1.2.4+a02b446318.jar as ModCandidate{fabric-item-api-v1@1.2.4+a02b446318}
[17:25:39] [ForkJoinPool-1-worker-7/DEBUG] (Fabric|Loader) Searching for nested JARs in ModCandidate{fabric-item-api-v1@1.2.4+a02b446318}
[17:25:39] [ForkJoinPool-1-worker-7/DEBUG] (Fabric|Loader) file:/E:/Enderman's%20Saphire/.gradle/loom-cache/remapped_mods/net_fabricmc_yarn_1_17_1_1_17_1_build_14_v2/net/fabricmc/fabric-api/fabric-item-api-v1/1.2.4+a02b446318/fabric-item-api-v1-1.2.4+a02b446318.jar
[17:25:39] [ForkJoinPool-1-worker-7/DEBUG] (Fabric|Loader) Testing file:/E:/Enderman's%20Saphire/.gradle/loom-cache/remapped_mods/net_fabricmc_yarn_1_17_1_1_17_1_build_14_v2/net/fabricmc/fabric-api/fabric-containers-v0/0.1.12+a02b446318/fabric-containers-v0-0.1.12+a02b446318.jar
[17:25:39] [ForkJoinPool-1-worker-5/DEBUG] (Fabric|Loader) Adding file:/E:/Enderman's%20Saphire/.gradle/loom-cache/remapped_mods/net_fabricmc_yarn_1_17_1_1_17_1_build_14_v2/net/fabricmc/fabric-loader/0.11.6/fabric-loader-0.11.6.jar as ModCandidate{fabricloader@0.11.6}
[17:25:39] [ForkJoinPool-1-worker-5/DEBUG] (Fabric|Loader) Searching for nested JARs in ModCandidate{fabricloader@0.11.6}
[17:25:39] [ForkJoinPool-1-worker-5/DEBUG] (Fabric|Loader) file:/E:/Enderman's%20Saphire/.gradle/loom-cache/remapped_mods/net_fabricmc_yarn_1_17_1_1_17_1_build_14_v2/net/fabricmc/fabric-loader/0.11.6/fabric-loader-0.11.6.jar
[17:25:39] [ForkJoinPool-1-worker-5/DEBUG] (Fabric|Loader) Testing file:/E:/Enderman's%20Saphire/.gradle/loom-cache/remapped_mods/net_fabricmc_yarn_1_17_1_1_17_1_build_14_v2/net/fabricmc/fabric-api/fabric-resource-loader-v0/0.4.8+a00e834b18/fabric-resource-loader-v0-0.4.8+a00e834b18.jar
[17:25:39] [ForkJoinPool-1-worker-7/DEBUG] (Fabric|Loader) Adding file:/E:/Enderman's%20Saphire/.gradle/loom-cache/remapped_mods/net_fabricmc_yarn_1_17_1_1_17_1_build_14_v2/net/fabricmc/fabric-api/fabric-containers-v0/0.1.12+a02b446318/fabric-containers-v0-0.1.12+a02b446318.jar as ModCandidate{fabric-containers-v0@0.1.12+a02b446318}
[17:25:39] [ForkJoinPool-1-worker-7/DEBUG] (Fabric|Loader) Searching for nested JARs in ModCandidate{fabric-containers-v0@0.1.12+a02b446318}
[17:25:39] [ForkJoinPool-1-worker-7/DEBUG] (Fabric|Loader) file:/E:/Enderman's%20Saphire/.gradle/loom-cache/remapped_mods/net_fabricmc_yarn_1_17_1_1_17_1_build_14_v2/net/fabricmc/fabric-api/fabric-containers-v0/0.1.12+a02b446318/fabric-containers-v0-0.1.12+a02b446318.jar
[17:25:39] [ForkJoinPool-1-worker-7/DEBUG] (Fabric|Loader) Testing file:/E:/Enderman's%20Saphire/.gradle/loom-cache/remapped_mods/net_fabricmc_yarn_1_17_1_1_17_1_build_14_v2/net/fabricmc/fabric-api/fabric-structure-api-v1/1.1.12+6cefd57718/fabric-structure-api-v1-1.1.12+6cefd57718.jar
[17:25:39] [ForkJoinPool-1-worker-3/DEBUG] (Fabric|Loader) Adding file:/E:/Enderman's%20Saphire/.gradle/loom-cache/remapped_mods/net_fabricmc_yarn_1_17_1_1_17_1_build_14_v2/net/fabricmc/fabric-api/fabric-registry-sync-v0/0.7.10+e2961fee18/fabric-registry-sync-v0-0.7.10+e2961fee18.jar as ModCandidate{fabric-registry-sync-v0@0.7.10+e2961fee18}
[17:25:39] [ForkJoinPool-1-worker-3/DEBUG] (Fabric|Loader) Searching for nested JARs in ModCandidate{fabric-registry-sync-v0@0.7.10+e2961fee18}
[17:25:39] [ForkJoinPool-1-worker-3/DEBUG] (Fabric|Loader) file:/E:/Enderman's%20Saphire/.gradle/loom-cache/remapped_mods/net_fabricmc_yarn_1_17_1_1_17_1_build_14_v2/net/fabricmc/fabric-api/fabric-registry-sync-v0/0.7.10+e2961fee18/fabric-registry-sync-v0-0.7.10+e2961fee18.jar
[17:25:39] [ForkJoinPool-1-worker-3/DEBUG] (Fabric|Loader) Testing file:/E:/Enderman's%20Saphire/.gradle/loom-cache/remapped_mods/net_fabricmc_yarn_1_17_1_1_17_1_build_14_v2/net/fabricmc/fabric-api/fabric-rendering-v1/1.6.0+a02b446318/fabric-rendering-v1-1.6.0+a02b446318.jar
[17:25:39] [ForkJoinPool-1-worker-7/DEBUG] (Fabric|Loader) Adding file:/E:/Enderman's%20Saphire/.gradle/loom-cache/remapped_mods/net_fabricmc_yarn_1_17_1_1_17_1_build_14_v2/net/fabricmc/fabric-api/fabric-structure-api-v1/1.1.12+6cefd57718/fabric-structure-api-v1-1.1.12+6cefd57718.jar as ModCandidate{fabric-structure-api-v1@1.1.12+6cefd57718}
[17:25:39] [ForkJoinPool-1-worker-7/DEBUG] (Fabric|Loader) Searching for nested JARs in ModCandidate{fabric-structure-api-v1@1.1.12+6cefd57718}
[17:25:39] [ForkJoinPool-1-worker-7/DEBUG] (Fabric|Loader) file:/E:/Enderman's%20Saphire/.gradle/loom-cache/remapped_mods/net_fabricmc_yarn_1_17_1_1_17_1_build_14_v2/net/fabricmc/fabric-api/fabric-structure-api-v1/1.1.12+6cefd57718/fabric-structure-api-v1-1.1.12+6cefd57718.jar
[17:25:39] [ForkJoinPool-1-worker-7/DEBUG] (Fabric|Loader) Testing file:/E:/Enderman's%20Saphire/.gradle/loom-cache/remapped_mods/net_fabricmc_yarn_1_17_1_1_17_1_build_14_v2/net/fabricmc/fabric-api/fabric-transfer-api-v1/1.0.0+3fe3c3f518/fabric-transfer-api-v1-1.0.0+3fe3c3f518.jar
[17:25:39] [ForkJoinPool-1-worker-5/DEBUG] (Fabric|Loader) Adding file:/E:/Enderman's%20Saphire/.gradle/loom-cache/remapped_mods/net_fabricmc_yarn_1_17_1_1_17_1_build_14_v2/net/fabricmc/fabric-api/fabric-resource-loader-v0/0.4.8+a00e834b18/fabric-resource-loader-v0-0.4.8+a00e834b18.jar as ModCandidate{fabric-resource-loader-v0@0.4.8+a00e834b18}
[17:25:39] [ForkJoinPool-1-worker-5/DEBUG] (Fabric|Loader) Searching for nested JARs in ModCandidate{fabric-resource-loader-v0@0.4.8+a00e834b18}
[17:25:39] [ForkJoinPool-1-worker-5/DEBUG] (Fabric|Loader) file:/E:/Enderman's%20Saphire/.gradle/loom-cache/remapped_mods/net_fabricmc_yarn_1_17_1_1_17_1_build_14_v2/net/fabricmc/fabric-api/fabric-resource-loader-v0/0.4.8+a00e834b18/fabric-resource-loader-v0-0.4.8+a00e834b18.jar
[17:25:39] [ForkJoinPool-1-worker-5/DEBUG] (Fabric|Loader) Testing file:/E:/Enderman's%20Saphire/.gradle/loom-cache/remapped_mods/net_fabricmc_yarn_1_17_1_1_17_1_build_14_v2/net/fabricmc/fabric-api/fabric-rendering-data-attachment-v1/0.1.5+a02b446318/fabric-rendering-data-attachment-v1-0.1.5+a02b446318.jar
[17:25:39] [ForkJoinPool-1-worker-7/DEBUG] (Fabric|Loader) Adding file:/E:/Enderman's%20Saphire/.gradle/loom-cache/remapped_mods/net_fabricmc_yarn_1_17_1_1_17_1_build_14_v2/net/fabricmc/fabric-api/fabric-transfer-api-v1/1.0.0+3fe3c3f518/fabric-transfer-api-v1-1.0.0+3fe3c3f518.jar as ModCandidate{fabric-transfer-api-v1@1.0.0+3fe3c3f518}
[17:25:39] [ForkJoinPool-1-worker-7/DEBUG] (Fabric|Loader) Searching for nested JARs in ModCandidate{fabric-transfer-api-v1@1.0.0+3fe3c3f518}
[17:25:39] [ForkJoinPool-1-worker-7/DEBUG] (Fabric|Loader) file:/E:/Enderman's%20Saphire/.gradle/loom-cache/remapped_mods/net_fabricmc_yarn_1_17_1_1_17_1_build_14_v2/net/fabricmc/fabric-api/fabric-transfer-api-v1/1.0.0+3fe3c3f518/fabric-transfer-api-v1-1.0.0+3fe3c3f518.jar
[17:25:39] [ForkJoinPool-1-worker-7/DEBUG] (Fabric|Loader) Testing file:/E:/Enderman's%20Saphire/.gradle/loom-cache/remapped_mods/net_fabricmc_yarn_1_17_1_1_17_1_build_14_v2/net/fabricmc/fabric-api/fabric-loot-tables-v1/1.0.4+a02b446318/fabric-loot-tables-v1-1.0.4+a02b446318.jar
[17:25:39] [ForkJoinPool-1-worker-3/DEBUG] (Fabric|Loader) Adding file:/E:/Enderman's%20Saphire/.gradle/loom-cache/remapped_mods/net_fabricmc_yarn_1_17_1_1_17_1_build_14_v2/net/fabricmc/fabric-api/fabric-rendering-v1/1.6.0+a02b446318/fabric-rendering-v1-1.6.0+a02b446318.jar as ModCandidate{fabric-rendering-v1@1.6.0+a02b446318}
[17:25:39] [ForkJoinPool-1-worker-3/DEBUG] (Fabric|Loader) Searching for nested JARs in ModCandidate{fabric-rendering-v1@1.6.0+a02b446318}
[17:25:39] [ForkJoinPool-1-worker-3/DEBUG] (Fabric|Loader) file:/E:/Enderman's%20Saphire/.gradle/loom-cache/remapped_mods/net_fabricmc_yarn_1_17_1_1_17_1_build_14_v2/net/fabricmc/fabric-api/fabric-rendering-v1/1.6.0+a02b446318/fabric-rendering-v1-1.6.0+a02b446318.jar
[17:25:39] [ForkJoinPool-1-worker-3/DEBUG] (Fabric|Loader) Testing file:/E:/Enderman's%20Saphire/.gradle/loom-cache/remapped_mods/net_fabricmc_yarn_1_17_1_1_17_1_build_14_v2/net/fabricmc/fabric-api/fabric-tool-attribute-api-v1/1.2.12+b7ab612118/fabric-tool-attribute-api-v1-1.2.12+b7ab612118.jar
[17:25:39] [ForkJoinPool-1-worker-7/DEBUG] (Fabric|Loader) Adding file:/E:/Enderman's%20Saphire/.gradle/loom-cache/remapped_mods/net_fabricmc_yarn_1_17_1_1_17_1_build_14_v2/net/fabricmc/fabric-api/fabric-loot-tables-v1/1.0.4+a02b446318/fabric-loot-tables-v1-1.0.4+a02b446318.jar as ModCandidate{fabric-loot-tables-v1@1.0.4+a02b446318}
[17:25:39] [ForkJoinPool-1-worker-7/DEBUG] (Fabric|Loader) Searching for nested JARs in ModCandidate{fabric-loot-tables-v1@1.0.4+a02b446318}
[17:25:39] [ForkJoinPool-1-worker-7/DEBUG] (Fabric|Loader) file:/E:/Enderman's%20Saphire/.gradle/loom-cache/remapped_mods/net_fabricmc_yarn_1_17_1_1_17_1_build_14_v2/net/fabricmc/fabric-api/fabric-loot-tables-v1/1.0.4+a02b446318/fabric-loot-tables-v1-1.0.4+a02b446318.jar
[17:25:39] [ForkJoinPool-1-worker-7/DEBUG] (Fabric|Loader) Testing file:/E:/Enderman's%20Saphire/.gradle/loom-cache/remapped_mods/net_fabricmc_yarn_1_17_1_1_17_1_build_14_v2/net/fabricmc/fabric-api/fabric-commands-v0/0.2.2+92519afa18/fabric-commands-v0-0.2.2+92519afa18.jar
[17:25:39] [ForkJoinPool-1-worker-5/DEBUG] (Fabric|Loader) Adding file:/E:/Enderman's%20Saphire/.gradle/loom-cache/remapped_mods/net_fabricmc_yarn_1_17_1_1_17_1_build_14_v2/net/fabricmc/fabric-api/fabric-rendering-data-attachment-v1/0.1.5+a02b446318/fabric-rendering-data-attachment-v1-0.1.5+a02b446318.jar as ModCandidate{fabric-rendering-data-attachment-v1@0.1.5+a02b446318}
[17:25:39] [ForkJoinPool-1-worker-5/DEBUG] (Fabric|Loader) Searching for nested JARs in ModCandidate{fabric-rendering-data-attachment-v1@0.1.5+a02b446318}
[17:25:39] [ForkJoinPool-1-worker-5/DEBUG] (Fabric|Loader) file:/E:/Enderman's%20Saphire/.gradle/loom-cache/remapped_mods/net_fabricmc_yarn_1_17_1_1_17_1_build_14_v2/net/fabricmc/fabric-api/fabric-rendering-data-attachment-v1/0.1.5+a02b446318/fabric-rendering-data-attachment-v1-0.1.5+a02b446318.jar
[17:25:39] [ForkJoinPool-1-worker-5/DEBUG] (Fabric|Loader) Testing file:/E:/Enderman's%20Saphire/.gradle/loom-cache/remapped_mods/net_fabricmc_yarn_1_17_1_1_17_1_build_14_v2/net/fabricmc/fabric-api/fabric-rendering-v0/1.1.2+92519afa18/fabric-rendering-v0-1.1.2+92519afa18.jar
[17:25:39] [ForkJoinPool-1-worker-7/DEBUG] (Fabric|Loader) Adding file:/E:/Enderman's%20Saphire/.gradle/loom-cache/remapped_mods/net_fabricmc_yarn_1_17_1_1_17_1_build_14_v2/net/fabricmc/fabric-api/fabric-commands-v0/0.2.2+92519afa18/fabric-commands-v0-0.2.2+92519afa18.jar as ModCandidate{fabric-commands-v0@0.2.2+92519afa18}
[17:25:39] [ForkJoinPool-1-worker-7/DEBUG] (Fabric|Loader) Searching for nested JARs in ModCandidate{fabric-commands-v0@0.2.2+92519afa18}
[17:25:39] [ForkJoinPool-1-worker-7/DEBUG] (Fabric|Loader) file:/E:/Enderman's%20Saphire/.gradle/loom-cache/remapped_mods/net_fabricmc_yarn_1_17_1_1_17_1_build_14_v2/net/fabricmc/fabric-api/fabric-commands-v0/0.2.2+92519afa18/fabric-commands-v0-0.2.2+92519afa18.jar
[17:25:39] [ForkJoinPool-1-worker-7/DEBUG] (Fabric|Loader) Testing file:/E:/Enderman's%20Saphire/.gradle/loom-cache/remapped_mods/net_fabricmc_yarn_1_17_1_1_17_1_build_14_v2/net/fabricmc/fabric-api/fabric-api-lookup-api-v1/1.2.0+2b5c62d018/fabric-api-lookup-api-v1-1.2.0+2b5c62d018.jar
[17:25:39] [ForkJoinPool-1-worker-3/DEBUG] (Fabric|Loader) Adding file:/E:/Enderman's%20Saphire/.gradle/loom-cache/remapped_mods/net_fabricmc_yarn_1_17_1_1_17_1_build_14_v2/net/fabricmc/fabric-api/fabric-tool-attribute-api-v1/1.2.12+b7ab612118/fabric-tool-attribute-api-v1-1.2.12+b7ab612118.jar as ModCandidate{fabric-tool-attribute-api-v1@1.2.12+b7ab612118}
[17:25:39] [ForkJoinPool-1-worker-3/DEBUG] (Fabric|Loader) Searching for nested JARs in ModCandidate{fabric-tool-attribute-api-v1@1.2.12+b7ab612118}
[17:25:39] [ForkJoinPool-1-worker-3/DEBUG] (Fabric|Loader) file:/E:/Enderman's%20Saphire/.gradle/loom-cache/remapped_mods/net_fabricmc_yarn_1_17_1_1_17_1_build_14_v2/net/fabricmc/fabric-api/fabric-tool-attribute-api-v1/1.2.12+b7ab612118/fabric-tool-attribute-api-v1-1.2.12+b7ab612118.jar
[17:25:39] [ForkJoinPool-1-worker-3/DEBUG] (Fabric|Loader) Testing file:/E:/Enderman's%20Saphire/.gradle/loom-cache/remapped_mods/net_fabricmc_yarn_1_17_1_1_17_1_build_14_v2/net/fabricmc/fabric-api/fabric-networking-blockentity-v0/0.2.11+a02b446318/fabric-networking-blockentity-v0-0.2.11+a02b446318.jar
[17:25:39] [ForkJoinPool-1-worker-7/DEBUG] (Fabric|Loader) Adding file:/E:/Enderman's%20Saphire/.gradle/loom-cache/remapped_mods/net_fabricmc_yarn_1_17_1_1_17_1_build_14_v2/net/fabricmc/fabric-api/fabric-api-lookup-api-v1/1.2.0+2b5c62d018/fabric-api-lookup-api-v1-1.2.0+2b5c62d018.jar as ModCandidate{fabric-api-lookup-api-v1@1.2.0+2b5c62d018}
[17:25:39] [ForkJoinPool-1-worker-7/DEBUG] (Fabric|Loader) Searching for nested JARs in ModCandidate{fabric-api-lookup-api-v1@1.2.0+2b5c62d018}
[17:25:39] [ForkJoinPool-1-worker-7/DEBUG] (Fabric|Loader) file:/E:/Enderman's%20Saphire/.gradle/loom-cache/remapped_mods/net_fabricmc_yarn_1_17_1_1_17_1_build_14_v2/net/fabricmc/fabric-api/fabric-api-lookup-api-v1/1.2.0+2b5c62d018/fabric-api-lookup-api-v1-1.2.0+2b5c62d018.jar
[17:25:39] [ForkJoinPool-1-worker-7/DEBUG] (Fabric|Loader) Testing file:/E:/Enderman's%20Saphire/.gradle/loom-cache/remapped_mods/net_fabricmc_yarn_1_17_1_1_17_1_build_14_v2/net/fabricmc/fabric-api/fabric-game-rule-api-v1/1.0.7+6cefd57718/fabric-game-rule-api-v1-1.0.7+6cefd57718.jar
[17:25:39] [ForkJoinPool-1-worker-5/DEBUG] (Fabric|Loader) Adding file:/E:/Enderman's%20Saphire/.gradle/loom-cache/remapped_mods/net_fabricmc_yarn_1_17_1_1_17_1_build_14_v2/net/fabricmc/fabric-api/fabric-rendering-v0/1.1.2+92519afa18/fabric-rendering-v0-1.1.2+92519afa18.jar as ModCandidate{fabric-rendering-v0@1.1.2+92519afa18}
[17:25:39] [ForkJoinPool-1-worker-5/DEBUG] (Fabric|Loader) Searching for nested JARs in ModCandidate{fabric-rendering-v0@1.1.2+92519afa18}
[17:25:39] [ForkJoinPool-1-worker-5/DEBUG] (Fabric|Loader) file:/E:/Enderman's%20Saphire/.gradle/loom-cache/remapped_mods/net_fabricmc_yarn_1_17_1_1_17_1_build_14_v2/net/fabricmc/fabric-api/fabric-rendering-v0/1.1.2+92519afa18/fabric-rendering-v0-1.1.2+92519afa18.jar
[17:25:39] [ForkJoinPool-1-worker-5/DEBUG] (Fabric|Loader) Testing file:/E:/Enderman's%20Saphire/.gradle/loom-cache/remapped_mods/net_fabricmc_yarn_1_17_1_1_17_1_build_14_v2/net/fabricmc/fabric-api/fabric-networking-v0/0.3.2+92519afa18/fabric-networking-v0-0.3.2+92519afa18.jar
[17:25:39] [ForkJoinPool-1-worker-7/DEBUG] (Fabric|Loader) Adding file:/E:/Enderman's%20Saphire/.gradle/loom-cache/remapped_mods/net_fabricmc_yarn_1_17_1_1_17_1_build_14_v2/net/fabricmc/fabric-api/fabric-game-rule-api-v1/1.0.7+6cefd57718/fabric-game-rule-api-v1-1.0.7+6cefd57718.jar as ModCandidate{fabric-game-rule-api-v1@1.0.7+6cefd57718}
[17:25:39] [ForkJoinPool-1-worker-7/DEBUG] (Fabric|Loader) Searching for nested JARs in ModCandidate{fabric-game-rule-api-v1@1.0.7+6cefd57718}
[17:25:39] [ForkJoinPool-1-worker-7/DEBUG] (Fabric|Loader) file:/E:/Enderman's%20Saphire/.gradle/loom-cache/remapped_mods/net_fabricmc_yarn_1_17_1_1_17_1_build_14_v2/net/fabricmc/fabric-api/fabric-game-rule-api-v1/1.0.7+6cefd57718/fabric-game-rule-api-v1-1.0.7+6cefd57718.jar
[17:25:39] [ForkJoinPool-1-worker-7/DEBUG] (Fabric|Loader) Testing file:/E:/Enderman's%20Saphire/.gradle/loom-cache/remapped_mods/net_fabricmc_yarn_1_17_1_1_17_1_build_14_v2/net/fabricmc/fabric-api/fabric-mining-levels-v0/0.1.3+92519afa18/fabric-mining-levels-v0-0.1.3+92519afa18.jar
[17:25:39] [ForkJoinPool-1-worker-3/DEBUG] (Fabric|Loader) Adding file:/E:/Enderman's%20Saphire/.gradle/loom-cache/remapped_mods/net_fabricmc_yarn_1_17_1_1_17_1_build_14_v2/net/fabricmc/fabric-api/fabric-networking-blockentity-v0/0.2.11+a02b446318/fabric-networking-blockentity-v0-0.2.11+a02b446318.jar as ModCandidate{fabric-networking-blockentity-v0@0.2.11+a02b446318}
[17:25:39] [ForkJoinPool-1-worker-3/DEBUG] (Fabric|Loader) Searching for nested JARs in ModCandidate{fabric-networking-blockentity-v0@0.2.11+a02b446318}
[17:25:39] [ForkJoinPool-1-worker-3/DEBUG] (Fabric|Loader) file:/E:/Enderman's%20Saphire/.gradle/loom-cache/remapped_mods/net_fabricmc_yarn_1_17_1_1_17_1_build_14_v2/net/fabricmc/fabric-api/fabric-networking-blockentity-v0/0.2.11+a02b446318/fabric-networking-blockentity-v0-0.2.11+a02b446318.jar
[17:25:39] [ForkJoinPool-1-worker-3/DEBUG] (Fabric|Loader) Testing file:/E:/Enderman's%20Saphire/.gradle/loom-cache/remapped_mods/net_fabricmc_yarn_1_17_1_1_17_1_build_14_v2/net/fabricmc/fabric-api/fabric-object-builder-api-v1/1.10.9+b7ab612118/fabric-object-builder-api-v1-1.10.9+b7ab612118.jar
[17:25:39] [ForkJoinPool-1-worker-7/DEBUG] (Fabric|Loader) Adding file:/E:/Enderman's%20Saphire/.gradle/loom-cache/remapped_mods/net_fabricmc_yarn_1_17_1_1_17_1_build_14_v2/net/fabricmc/fabric-api/fabric-mining-levels-v0/0.1.3+92519afa18/fabric-mining-levels-v0-0.1.3+92519afa18.jar as ModCandidate{fabric-mining-levels-v0@0.1.3+92519afa18}
[17:25:39] [ForkJoinPool-1-worker-7/DEBUG] (Fabric|Loader) Searching for nested JARs in ModCandidate{fabric-mining-levels-v0@0.1.3+92519afa18}
[17:25:39] [ForkJoinPool-1-worker-7/DEBUG] (Fabric|Loader) file:/E:/Enderman's%20Saphire/.gradle/loom-cache/remapped_mods/net_fabricmc_yarn_1_17_1_1_17_1_build_14_v2/net/fabricmc/fabric-api/fabric-mining-levels-v0/0.1.3+92519afa18/fabric-mining-levels-v0-0.1.3+92519afa18.jar
[17:25:39] [ForkJoinPool-1-worker-7/DEBUG] (Fabric|Loader) Testing file:/E:/Enderman's%20Saphire/.gradle/loom-cache/remapped_mods/net_fabricmc_yarn_1_17_1_1_17_1_build_14_v2/net/fabricmc/fabric-api/fabric-textures-v0/1.0.6+a02b446318/fabric-textures-v0-1.0.6+a02b446318.jar
[17:25:39] [ForkJoinPool-1-worker-5/DEBUG] (Fabric|Loader) Adding file:/E:/Enderman's%20Saphire/.gradle/loom-cache/remapped_mods/net_fabricmc_yarn_1_17_1_1_17_1_build_14_v2/net/fabricmc/fabric-api/fabric-networking-v0/0.3.2+92519afa18/fabric-networking-v0-0.3.2+92519afa18.jar as ModCandidate{fabric-networking-v0@0.3.2+92519afa18}
[17:25:39] [ForkJoinPool-1-worker-5/DEBUG] (Fabric|Loader) Searching for nested JARs in ModCandidate{fabric-networking-v0@0.3.2+92519afa18}
[17:25:39] [ForkJoinPool-1-worker-5/DEBUG] (Fabric|Loader) file:/E:/Enderman's%20Saphire/.gradle/loom-cache/remapped_mods/net_fabricmc_yarn_1_17_1_1_17_1_build_14_v2/net/fabricmc/fabric-api/fabric-networking-v0/0.3.2+92519afa18/fabric-networking-v0-0.3.2+92519afa18.jar
[17:25:39] [ForkJoinPool-1-worker-5/DEBUG] (Fabric|Loader) Testing file:/E:/Enderman's%20Saphire/.gradle/loom-cache/remapped_mods/net_fabricmc_yarn_1_17_1_1_17_1_build_14_v2/net/fabricmc/fabric-api/fabric-particles-v1/0.2.4+a02b446318/fabric-particles-v1-0.2.4+a02b446318.jar
[17:25:39] [ForkJoinPool-1-worker-7/DEBUG] (Fabric|Loader) Adding file:/E:/Enderman's%20Saphire/.gradle/loom-cache/remapped_mods/net_fabricmc_yarn_1_17_1_1_17_1_build_14_v2/net/fabricmc/fabric-api/fabric-textures-v0/1.0.6+a02b446318/fabric-textures-v0-1.0.6+a02b446318.jar as ModCandidate{fabric-textures-v0@1.0.6+a02b446318}
[17:25:39] [ForkJoinPool-1-worker-7/DEBUG] (Fabric|Loader) Searching for nested JARs in ModCandidate{fabric-textures-v0@1.0.6+a02b446318}
[17:25:39] [ForkJoinPool-1-worker-7/DEBUG] (Fabric|Loader) file:/E:/Enderman's%20Saphire/.gradle/loom-cache/remapped_mods/net_fabricmc_yarn_1_17_1_1_17_1_build_14_v2/net/fabricmc/fabric-api/fabric-textures-v0/1.0.6+a02b446318/fabric-textures-v0-1.0.6+a02b446318.jar
[17:25:39] [ForkJoinPool-1-worker-7/DEBUG] (Fabric|Loader) Testing file:/E:/Enderman's%20Saphire/.gradle/loom-cache/remapped_mods/net_fabricmc_yarn_1_17_1_1_17_1_build_14_v2/net/fabricmc/fabric-api/fabric-networking-api-v1/1.0.12+6cefd57718/fabric-networking-api-v1-1.0.12+6cefd57718.jar
[17:25:39] [ForkJoinPool-1-worker-3/DEBUG] (Fabric|Loader) Adding file:/E:/Enderman's%20Saphire/.gradle/loom-cache/remapped_mods/net_fabricmc_yarn_1_17_1_1_17_1_build_14_v2/net/fabricmc/fabric-api/fabric-object-builder-api-v1/1.10.9+b7ab612118/fabric-object-builder-api-v1-1.10.9+b7ab612118.jar as ModCandidate{fabric-object-builder-api-v1@1.10.9+b7ab612118}
[17:25:39] [ForkJoinPool-1-worker-3/DEBUG] (Fabric|Loader) Searching for nested JARs in ModCandidate{fabric-object-builder-api-v1@1.10.9+b7ab612118}
[17:25:39] [ForkJoinPool-1-worker-3/DEBUG] (Fabric|Loader) file:/E:/Enderman's%20Saphire/.gradle/loom-cache/remapped_mods/net_fabricmc_yarn_1_17_1_1_17_1_build_14_v2/net/fabricmc/fabric-api/fabric-object-builder-api-v1/1.10.9+b7ab612118/fabric-object-builder-api-v1-1.10.9+b7ab612118.jar
[17:25:39] [ForkJoinPool-1-worker-3/DEBUG] (Fabric|Loader) Testing file:/E:/Enderman's%20Saphire/.gradle/loom-cache/remapped_mods/net_fabricmc_yarn_1_17_1_1_17_1_build_14_v2/net/fabricmc/fabric-api/fabric-lifecycle-events-v1/1.4.4+a02b446318/fabric-lifecycle-events-v1-1.4.4+a02b446318.jar
[17:25:39] [ForkJoinPool-1-worker-7/DEBUG] (Fabric|Loader) Adding file:/E:/Enderman's%20Saphire/.gradle/loom-cache/remapped_mods/net_fabricmc_yarn_1_17_1_1_17_1_build_14_v2/net/fabricmc/fabric-api/fabric-networking-api-v1/1.0.12+6cefd57718/fabric-networking-api-v1-1.0.12+6cefd57718.jar as ModCandidate{fabric-networking-api-v1@1.0.12+6cefd57718}
[17:25:39] [ForkJoinPool-1-worker-7/DEBUG] (Fabric|Loader) Searching for nested JARs in ModCandidate{fabric-networking-api-v1@1.0.12+6cefd57718}
[17:25:39] [ForkJoinPool-1-worker-7/DEBUG] (Fabric|Loader) file:/E:/Enderman's%20Saphire/.gradle/loom-cache/remapped_mods/net_fabricmc_yarn_1_17_1_1_17_1_build_14_v2/net/fabricmc/fabric-api/fabric-networking-api-v1/1.0.12+6cefd57718/fabric-networking-api-v1-1.0.12+6cefd57718.jar
[17:25:39] [ForkJoinPool-1-worker-7/DEBUG] (Fabric|Loader) Testing file:/E:/Enderman's%20Saphire/.gradle/loom-cache/remapped_mods/net_fabricmc_yarn_1_17_1_1_17_1_build_14_v2/net/fabricmc/fabric-api/fabric-screen-handler-api-v1/1.1.8+a02b446318/fabric-screen-handler-api-v1-1.1.8+a02b446318.jar
[17:25:39] [ForkJoinPool-1-worker-5/DEBUG] (Fabric|Loader) Adding file:/E:/Enderman's%20Saphire/.gradle/loom-cache/remapped_mods/net_fabricmc_yarn_1_17_1_1_17_1_build_14_v2/net/fabricmc/fabric-api/fabric-particles-v1/0.2.4+a02b446318/fabric-particles-v1-0.2.4+a02b446318.jar as ModCandidate{fabric-particles-v1@0.2.4+a02b446318}
[17:25:39] [ForkJoinPool-1-worker-5/DEBUG] (Fabric|Loader) Searching for nested JARs in ModCandidate{fabric-particles-v1@0.2.4+a02b446318}
[17:25:39] [ForkJoinPool-1-worker-5/DEBUG] (Fabric|Loader) file:/E:/Enderman's%20Saphire/.gradle/loom-cache/remapped_mods/net_fabricmc_yarn_1_17_1_1_17_1_build_14_v2/net/fabricmc/fabric-api/fabric-particles-v1/0.2.4+a02b446318/fabric-particles-v1-0.2.4+a02b446318.jar
[17:25:39] [ForkJoinPool-1-worker-5/DEBUG] (Fabric|Loader) Testing file:/E:/Enderman's%20Saphire/.gradle/loom-cache/remapped_mods/net_fabricmc_yarn_1_17_1_1_17_1_build_14_v2/net/fabricmc/fabric-api/fabric-crash-report-info-v1/0.1.5+be9da31018/fabric-crash-report-info-v1-0.1.5+be9da31018.jar
[17:25:39] [ForkJoinPool-1-worker-7/DEBUG] (Fabric|Loader) Adding file:/E:/Enderman's%20Saphire/.gradle/loom-cache/remapped_mods/net_fabricmc_yarn_1_17_1_1_17_1_build_14_v2/net/fabricmc/fabric-api/fabric-screen-handler-api-v1/1.1.8+a02b446318/fabric-screen-handler-api-v1-1.1.8+a02b446318.jar as ModCandidate{fabric-screen-handler-api-v1@1.1.8+a02b446318}
[17:25:39] [ForkJoinPool-1-worker-7/DEBUG] (Fabric|Loader) Searching for nested JARs in ModCandidate{fabric-screen-handler-api-v1@1.1.8+a02b446318}
[17:25:39] [ForkJoinPool-1-worker-7/DEBUG] (Fabric|Loader) file:/E:/Enderman's%20Saphire/.gradle/loom-cache/remapped_mods/net_fabricmc_yarn_1_17_1_1_17_1_build_14_v2/net/fabricmc/fabric-api/fabric-screen-handler-api-v1/1.1.8+a02b446318/fabric-screen-handler-api-v1-1.1.8+a02b446318.jar
[17:25:39] [ForkJoinPool-1-worker-7/DEBUG] (Fabric|Loader) Testing file:/E:/Enderman's%20Saphire/.gradle/loom-cache/remapped_mods/net_fabricmc_yarn_1_17_1_1_17_1_build_14_v2/net/fabricmc/fabric-api/fabric-content-registries-v0/0.2.2+a02b446318/fabric-content-registries-v0-0.2.2+a02b446318.jar
[17:25:39] [ForkJoinPool-1-worker-3/DEBUG] (Fabric|Loader) Adding file:/E:/Enderman's%20Saphire/.gradle/loom-cache/remapped_mods/net_fabricmc_yarn_1_17_1_1_17_1_build_14_v2/net/fabricmc/fabric-api/fabric-lifecycle-events-v1/1.4.4+a02b446318/fabric-lifecycle-events-v1-1.4.4+a02b446318.jar as ModCandidate{fabric-lifecycle-events-v1@1.4.4+a02b446318}
[17:25:39] [ForkJoinPool-1-worker-3/DEBUG] (Fabric|Loader) Searching for nested JARs in ModCandidate{fabric-lifecycle-events-v1@1.4.4+a02b446318}
[17:25:39] [ForkJoinPool-1-worker-3/DEBUG] (Fabric|Loader) file:/E:/Enderman's%20Saphire/.gradle/loom-cache/remapped_mods/net_fabricmc_yarn_1_17_1_1_17_1_build_14_v2/net/fabricmc/fabric-api/fabric-lifecycle-events-v1/1.4.4+a02b446318/fabric-lifecycle-events-v1-1.4.4+a02b446318.jar
[17:25:39] [ForkJoinPool-1-worker-3/DEBUG] (Fabric|Loader) Testing file:/E:/Enderman's%20Saphire/.gradle/loom-cache/remapped_mods/net_fabricmc_yarn_1_17_1_1_17_1_build_14_v2/net/fabricmc/fabric-api/fabric-renderer-registries-v1/3.2.0+a02b446318/fabric-renderer-registries-v1-3.2.0+a02b446318.jar
[17:25:39] [ForkJoinPool-1-worker-7/DEBUG] (Fabric|Loader) Adding file:/E:/Enderman's%20Saphire/.gradle/loom-cache/remapped_mods/net_fabricmc_yarn_1_17_1_1_17_1_build_14_v2/net/fabricmc/fabric-api/fabric-content-registries-v0/0.2.2+a02b446318/fabric-content-registries-v0-0.2.2+a02b446318.jar as ModCandidate{fabric-content-registries-v0@0.2.2+a02b446318}
[17:25:39] [ForkJoinPool-1-worker-7/DEBUG] (Fabric|Loader) Searching for nested JARs in ModCandidate{fabric-content-registries-v0@0.2.2+a02b446318}
[17:25:39] [ForkJoinPool-1-worker-7/DEBUG] (Fabric|Loader) file:/E:/Enderman's%20Saphire/.gradle/loom-cache/remapped_mods/net_fabricmc_yarn_1_17_1_1_17_1_build_14_v2/net/fabricmc/fabric-api/fabric-content-registries-v0/0.2.2+a02b446318/fabric-content-registries-v0-0.2.2+a02b446318.jar
[17:25:39] [ForkJoinPool-1-worker-7/DEBUG] (Fabric|Loader) Testing file:/E:/Enderman's%20Saphire/.gradle/loom-cache/remapped_mods/net_fabricmc_yarn_1_17_1_1_17_1_build_14_v2/net/fabricmc/fabric-api/fabric-dimensions-v1/2.0.11+6cefd57718/fabric-dimensions-v1-2.0.11+6cefd57718.jar
[17:25:39] [ForkJoinPool-1-worker-5/DEBUG] (Fabric|Loader) Adding file:/E:/Enderman's%20Saphire/.gradle/loom-cache/remapped_mods/net_fabricmc_yarn_1_17_1_1_17_1_build_14_v2/net/fabricmc/fabric-api/fabric-crash-report-info-v1/0.1.5+be9da31018/fabric-crash-report-info-v1-0.1.5+be9da31018.jar as ModCandidate{fabric-crash-report-info-v1@0.1.5+be9da31018}
[17:25:39] [ForkJoinPool-1-worker-5/DEBUG] (Fabric|Loader) Searching for nested JARs in ModCandidate{fabric-crash-report-info-v1@0.1.5+be9da31018}
[17:25:39] [ForkJoinPool-1-worker-5/DEBUG] (Fabric|Loader) file:/E:/Enderman's%20Saphire/.gradle/loom-cache/remapped_mods/net_fabricmc_yarn_1_17_1_1_17_1_build_14_v2/net/fabricmc/fabric-api/fabric-crash-report-info-v1/0.1.5+be9da31018/fabric-crash-report-info-v1-0.1.5+be9da31018.jar
[17:25:39] [ForkJoinPool-1-worker-5/DEBUG] (Fabric|Loader) Testing file:/E:/Enderman's%20Saphire/.gradle/loom-cache/remapped_mods/net_fabricmc_yarn_1_17_1_1_17_1_build_14_v2/net/fabricmc/fabric-api/fabric-object-builders-v0/0.7.3+a02b446318/fabric-object-builders-v0-0.7.3+a02b446318.jar
[17:25:39] [ForkJoinPool-1-worker-7/DEBUG] (Fabric|Loader) Adding file:/E:/Enderman's%20Saphire/.gradle/loom-cache/remapped_mods/net_fabricmc_yarn_1_17_1_1_17_1_build_14_v2/net/fabricmc/fabric-api/fabric-dimensions-v1/2.0.11+6cefd57718/fabric-dimensions-v1-2.0.11+6cefd57718.jar as ModCandidate{fabric-dimensions-v1@2.0.11+6cefd57718}
[17:25:39] [ForkJoinPool-1-worker-7/DEBUG] (Fabric|Loader) Searching for nested JARs in ModCandidate{fabric-dimensions-v1@2.0.11+6cefd57718}
[17:25:39] [ForkJoinPool-1-worker-7/DEBUG] (Fabric|Loader) file:/E:/Enderman's%20Saphire/.gradle/loom-cache/remapped_mods/net_fabricmc_yarn_1_17_1_1_17_1_build_14_v2/net/fabricmc/fabric-api/fabric-dimensions-v1/2.0.11+6cefd57718/fabric-dimensions-v1-2.0.11+6cefd57718.jar
[17:25:39] [ForkJoinPool-1-worker-7/DEBUG] (Fabric|Loader) Testing file:/E:/Enderman's%20Saphire/.gradle/loom-cache/remapped_mods/net_fabricmc_yarn_1_17_1_1_17_1_build_14_v2/net/fabricmc/fabric-api/fabric-entity-events-v1/1.1.0+a02b446318/fabric-entity-events-v1-1.1.0+a02b446318.jar
[17:25:39] [ForkJoinPool-1-worker-3/DEBUG] (Fabric|Loader) Adding file:/E:/Enderman's%20Saphire/.gradle/loom-cache/remapped_mods/net_fabricmc_yarn_1_17_1_1_17_1_build_14_v2/net/fabricmc/fabric-api/fabric-renderer-registries-v1/3.2.0+a02b446318/fabric-renderer-registries-v1-3.2.0+a02b446318.jar as ModCandidate{fabric-renderer-registries-v1@3.2.0+a02b446318}
[17:25:39] [ForkJoinPool-1-worker-3/DEBUG] (Fabric|Loader) Searching for nested JARs in ModCandidate{fabric-renderer-registries-v1@3.2.0+a02b446318}
[17:25:39] [ForkJoinPool-1-worker-3/DEBUG] (Fabric|Loader) file:/E:/Enderman's%20Saphire/.gradle/loom-cache/remapped_mods/net_fabricmc_yarn_1_17_1_1_17_1_build_14_v2/net/fabricmc/fabric-api/fabric-renderer-registries-v1/3.2.0+a02b446318/fabric-renderer-registries-v1-3.2.0+a02b446318.jar
[17:25:39] [ForkJoinPool-1-worker-3/DEBUG] (Fabric|Loader) Testing file:/E:/Enderman's%20Saphire/.gradle/loom-cache/remapped_mods/net_fabricmc_yarn_1_17_1_1_17_1_build_14_v2/net/fabricmc/fabric-api/fabric-renderer-indigo/0.4.8+a02b446318/fabric-renderer-indigo-0.4.8+a02b446318.jar
[17:25:39] [ForkJoinPool-1-worker-7/DEBUG] (Fabric|Loader) Adding file:/E:/Enderman's%20Saphire/.gradle/loom-cache/remapped_mods/net_fabricmc_yarn_1_17_1_1_17_1_build_14_v2/net/fabricmc/fabric-api/fabric-entity-events-v1/1.1.0+a02b446318/fabric-entity-events-v1-1.1.0+a02b446318.jar as ModCandidate{fabric-entity-events-v1@1.1.0+a02b446318}
[17:25:39] [ForkJoinPool-1-worker-7/DEBUG] (Fabric|Loader) Searching for nested JARs in ModCandidate{fabric-entity-events-v1@1.1.0+a02b446318}
[17:25:39] [ForkJoinPool-1-worker-7/DEBUG] (Fabric|Loader) file:/E:/Enderman's%20Saphire/.gradle/loom-cache/remapped_mods/net_fabricmc_yarn_1_17_1_1_17_1_build_14_v2/net/fabricmc/fabric-api/fabric-entity-events-v1/1.1.0+a02b446318/fabric-entity-events-v1-1.1.0+a02b446318.jar
[17:25:39] [ForkJoinPool-1-worker-7/DEBUG] (Fabric|Loader) Testing file:/E:/Enderman's%20Saphire/bin/main/
[17:25:39] [ForkJoinPool-1-worker-5/DEBUG] (Fabric|Loader) Adding file:/E:/Enderman's%20Saphire/.gradle/loom-cache/remapped_mods/net_fabricmc_yarn_1_17_1_1_17_1_build_14_v2/net/fabricmc/fabric-api/fabric-object-builders-v0/0.7.3+a02b446318/fabric-object-builders-v0-0.7.3+a02b446318.jar as ModCandidate{fabric-object-builders-v0@0.7.3+a02b446318}
[17:25:39] [ForkJoinPool-1-worker-5/DEBUG] (Fabric|Loader) Searching for nested JARs in ModCandidate{fabric-object-builders-v0@0.7.3+a02b446318}
[17:25:39] [ForkJoinPool-1-worker-5/DEBUG] (Fabric|Loader) file:/E:/Enderman's%20Saphire/.gradle/loom-cache/remapped_mods/net_fabricmc_yarn_1_17_1_1_17_1_build_14_v2/net/fabricmc/fabric-api/fabric-object-builders-v0/0.7.3+a02b446318/fabric-object-builders-v0-0.7.3+a02b446318.jar
[17:25:39] [ForkJoinPool-1-worker-5/DEBUG] (Fabric|Loader) Testing file:/E:/Enderman's%20Saphire/.gradle/loom-cache/remapped_mods/net_fabricmc_yarn_1_17_1_1_17_1_build_14_v2/net/fabricmc/fabric-api/fabric-blockrenderlayer-v1/1.1.5+a02b446318/fabric-blockrenderlayer-v1-1.1.5+a02b446318.jar
[17:25:39] [ForkJoinPool-1-worker-7/DEBUG] (Fabric|Loader) Adding file:/E:/Enderman's%20Saphire/bin/main/ as ModCandidate{enderman@${version}}
[17:25:39] [ForkJoinPool-1-worker-7/DEBUG] (Fabric|Loader) Searching for nested JARs in ModCandidate{enderman@${version}}
[17:25:39] [ForkJoinPool-1-worker-7/DEBUG] (Fabric|Loader) file:/E:/Enderman's%20Saphire/bin/main/
[17:25:39] [ForkJoinPool-1-worker-7/DEBUG] (Fabric|Loader) Testing file:/E:/Enderman's%20Saphire/.gradle/loom-cache/remapped_mods/net_fabricmc_yarn_1_17_1_1_17_1_build_14_v2/net/fabricmc/fabric-api/fabric-renderer-api-v1/0.4.4+5f02c96918/fabric-renderer-api-v1-0.4.4+5f02c96918.jar
[17:25:39] [ForkJoinPool-1-worker-3/DEBUG] (Fabric|Loader) Adding file:/E:/Enderman's%20Saphire/.gradle/loom-cache/remapped_mods/net_fabricmc_yarn_1_17_1_1_17_1_build_14_v2/net/fabricmc/fabric-api/fabric-renderer-indigo/0.4.8+a02b446318/fabric-renderer-indigo-0.4.8+a02b446318.jar as ModCandidate{fabric-renderer-indigo@0.4.8+a02b446318}
[17:25:39] [ForkJoinPool-1-worker-3/DEBUG] (Fabric|Loader) Searching for nested JARs in ModCandidate{fabric-renderer-indigo@0.4.8+a02b446318}
[17:25:39] [ForkJoinPool-1-worker-3/DEBUG] (Fabric|Loader) file:/E:/Enderman's%20Saphire/.gradle/loom-cache/remapped_mods/net_fabricmc_yarn_1_17_1_1_17_1_build_14_v2/net/fabricmc/fabric-api/fabric-renderer-indigo/0.4.8+a02b446318/fabric-renderer-indigo-0.4.8+a02b446318.jar
[17:25:39] [ForkJoinPool-1-worker-3/DEBUG] (Fabric|Loader) Testing file:/E:/Enderman's%20Saphire/.gradle/loom-cache/remapped_mods/net_fabricmc_yarn_1_17_1_1_17_1_build_14_v2/net/fabricmc/fabric-api/fabric-command-api-v1/1.1.3+5ab9934c18/fabric-command-api-v1-1.1.3+5ab9934c18.jar
[17:25:39] [ForkJoinPool-1-worker-5/DEBUG] (Fabric|Loader) Adding file:/E:/Enderman's%20Saphire/.gradle/loom-cache/remapped_mods/net_fabricmc_yarn_1_17_1_1_17_1_build_14_v2/net/fabricmc/fabric-api/fabric-blockrenderlayer-v1/1.1.5+a02b446318/fabric-blockrenderlayer-v1-1.1.5+a02b446318.jar as ModCandidate{fabric-blockrenderlayer-v1@1.1.5+a02b446318}
[17:25:39] [ForkJoinPool-1-worker-5/DEBUG] (Fabric|Loader) Searching for nested JARs in ModCandidate{fabric-blockrenderlayer-v1@1.1.5+a02b446318}
[17:25:39] [ForkJoinPool-1-worker-5/DEBUG] (Fabric|Loader) file:/E:/Enderman's%20Saphire/.gradle/loom-cache/remapped_mods/net_fabricmc_yarn_1_17_1_1_17_1_build_14_v2/net/fabricmc/fabric-api/fabric-blockrenderlayer-v1/1.1.5+a02b446318/fabric-blockrenderlayer-v1-1.1.5+a02b446318.jar
[17:25:39] [ForkJoinPool-1-worker-3/DEBUG] (Fabric|Loader) Adding file:/E:/Enderman's%20Saphire/.gradle/loom-cache/remapped_mods/net_fabricmc_yarn_1_17_1_1_17_1_build_14_v2/net/fabricmc/fabric-api/fabric-command-api-v1/1.1.3+5ab9934c18/fabric-command-api-v1-1.1.3+5ab9934c18.jar as ModCandidate{fabric-command-api-v1@1.1.3+5ab9934c18}
[17:25:39] [ForkJoinPool-1-worker-3/DEBUG] (Fabric|Loader) Searching for nested JARs in ModCandidate{fabric-command-api-v1@1.1.3+5ab9934c18}
[17:25:39] [ForkJoinPool-1-worker-3/DEBUG] (Fabric|Loader) file:/E:/Enderman's%20Saphire/.gradle/loom-cache/remapped_mods/net_fabricmc_yarn_1_17_1_1_17_1_build_14_v2/net/fabricmc/fabric-api/fabric-command-api-v1/1.1.3+5ab9934c18/fabric-command-api-v1-1.1.3+5ab9934c18.jar
[17:25:39] [ForkJoinPool-1-worker-7/DEBUG] (Fabric|Loader) Adding file:/E:/Enderman's%20Saphire/.gradle/loom-cache/remapped_mods/net_fabricmc_yarn_1_17_1_1_17_1_build_14_v2/net/fabricmc/fabric-api/fabric-renderer-api-v1/0.4.4+5f02c96918/fabric-renderer-api-v1-0.4.4+5f02c96918.jar as ModCandidate{fabric-renderer-api-v1@0.4.4+5f02c96918}
[17:25:39] [ForkJoinPool-1-worker-7/DEBUG] (Fabric|Loader) Searching for nested JARs in ModCandidate{fabric-renderer-api-v1@0.4.4+5f02c96918}
[17:25:39] [ForkJoinPool-1-worker-7/DEBUG] (Fabric|Loader) file:/E:/Enderman's%20Saphire/.gradle/loom-cache/remapped_mods/net_fabricmc_yarn_1_17_1_1_17_1_build_14_v2/net/fabricmc/fabric-api/fabric-renderer-api-v1/0.4.4+5f02c96918/fabric-renderer-api-v1-0.4.4+5f02c96918.jar
[17:25:39] [main/DEBUG] (Fabric|Loader) Mod resolution detection time: 217ms
[17:25:39] [main/DEBUG] (Fabric|Loader) Mod resolution time: 14ms
[17:25:39] [main/INFO] (Fabric|Loader) [FabricLoader] Loading 49 mods:
	- enderman@${version}
	- fabric@0.37.0+1.17
	- fabric-api-base@0.3.0+a02b446318
	- fabric-api-lookup-api-v1@1.2.0+2b5c62d018
	- fabric-biome-api-v1@3.1.11+c345aea818
	- fabric-blockrenderlayer-v1@1.1.5+a02b446318
	- fabric-command-api-v1@1.1.3+5ab9934c18
	- fabric-commands-v0@0.2.2+92519afa18
	- fabric-containers-v0@0.1.12+a02b446318
	- fabric-content-registries-v0@0.2.2+a02b446318
	- fabric-crash-report-info-v1@0.1.5+be9da31018
	- fabric-dimensions-v1@2.0.11+6cefd57718
	- fabric-entity-events-v1@1.1.0+a02b446318
	- fabric-events-interaction-v0@0.4.9+a722d8c018
	- fabric-events-lifecycle-v0@0.2.1+92519afa18
	- fabric-game-rule-api-v1@1.0.7+6cefd57718
	- fabric-item-api-v1@1.2.4+a02b446318
	- fabric-item-groups-v0@0.2.10+b7ab612118
	- fabric-key-binding-api-v1@1.0.4+a02b446318
	- fabric-keybindings-v0@0.2.2+36b77c3e18
	- fabric-lifecycle-events-v1@1.4.4+a02b446318
	- fabric-loot-tables-v1@1.0.4+a02b446318
	- fabric-mining-levels-v0@0.1.3+92519afa18
	- fabric-models-v0@0.3.0+a02b446318
	- fabric-networking-api-v1@1.0.12+6cefd57718
	- fabric-networking-blockentity-v0@0.2.11+a02b446318
	- fabric-networking-v0@0.3.2+92519afa18
	- fabric-object-builder-api-v1@1.10.9+b7ab612118
	- fabric-object-builders-v0@0.7.3+a02b446318
	- fabric-particles-v1@0.2.4+a02b446318
	- fabric-registry-sync-v0@0.7.10+e2961fee18
	- fabric-renderer-api-v1@0.4.4+5f02c96918
	- fabric-renderer-indigo@0.4.8+a02b446318
	- fabric-renderer-registries-v1@3.2.0+a02b446318
	- fabric-rendering-data-attachment-v1@0.1.5+a02b446318
	- fabric-rendering-fluids-v1@0.1.13+a02b446318
	- fabric-rendering-v0@1.1.2+92519afa18
	- fabric-rendering-v1@1.6.0+a02b446318
	- fabric-resource-loader-v0@0.4.8+a00e834b18
	- fabric-screen-api-v1@1.0.4+155f865c18
	- fabric-screen-handler-api-v1@1.1.8+a02b446318
	- fabric-structure-api-v1@1.1.12+6cefd57718
	- fabric-tag-extensions-v0@1.1.4+a02b446318
	- fabric-textures-v0@1.0.6+a02b446318
	- fabric-tool-attribute-api-v1@1.2.12+b7ab612118
	- fabric-transfer-api-v1@1.0.0+3fe3c3f518
	- fabricloader@0.11.6
	- java@16
	- minecraft@1.17.1
[17:25:39] [main/DEBUG] (FabricLoader) [Knot] Proposed file:/E:/Enderman's%20Saphire/.gradle/loom-cache/remapped_mods/net_fabricmc_yarn_1_17_1_1_17_1_build_14_v2/net/fabricmc/fabric-api/fabric-renderer-api-v1/0.4.4+5f02c96918/fabric-renderer-api-v1-0.4.4+5f02c96918.jar to classpath.
[17:25:39] [main/DEBUG] (FabricLoader) [Knot] Proposed file:/E:/Enderman's%20Saphire/.gradle/loom-cache/remapped_mods/net_fabricmc_yarn_1_17_1_1_17_1_build_14_v2/net/fabricmc/fabric-api/fabric-keybindings-v0/0.2.2+36b77c3e18/fabric-keybindings-v0-0.2.2+36b77c3e18.jar to classpath.
[17:25:39] [main/DEBUG] (FabricLoader) [Knot] Proposed file:/E:/Enderman's%20Saphire/.gradle/loom-cache/remapped_mods/net_fabricmc_yarn_1_17_1_1_17_1_build_14_v2/net/fabricmc/fabric-api/fabric-transfer-api-v1/1.0.0+3fe3c3f518/fabric-transfer-api-v1-1.0.0+3fe3c3f518.jar to classpath.
[17:25:39] [main/DEBUG] (FabricLoader) [Knot] Proposed file:/E:/Enderman's%20Saphire/.gradle/loom-cache/remapped_mods/net_fabricmc_yarn_1_17_1_1_17_1_build_14_v2/net/fabricmc/fabric-api/fabric-structure-api-v1/1.1.12+6cefd57718/fabric-structure-api-v1-1.1.12+6cefd57718.jar to classpath.
[17:25:39] [main/DEBUG] (FabricLoader) [Knot] Proposed file:/E:/Enderman's%20Saphire/.gradle/loom-cache/remapped_mods/net_fabricmc_yarn_1_17_1_1_17_1_build_14_v2/net/fabricmc/fabric-api/fabric-containers-v0/0.1.12+a02b446318/fabric-containers-v0-0.1.12+a02b446318.jar to classpath.
[17:25:39] [main/DEBUG] (FabricLoader) [Knot] Proposed file:/E:/Enderman's%20Saphire/.gradle/loom-cache/remapped_mods/net_fabricmc_yarn_1_17_1_1_17_1_build_14_v2/net/fabricmc/fabric-api/fabric-dimensions-v1/2.0.11+6cefd57718/fabric-dimensions-v1-2.0.11+6cefd57718.jar to classpath.
[17:25:39] [main/DEBUG] (FabricLoader) [Knot] Proposed file:/E:/Enderman's%20Saphire/.gradle/loom-cache/remapped_mods/net_fabricmc_yarn_1_17_1_1_17_1_build_14_v2/net/fabricmc/fabric-api/fabric-object-builder-api-v1/1.10.9+b7ab612118/fabric-object-builder-api-v1-1.10.9+b7ab612118.jar to classpath.
[17:25:39] [main/DEBUG] (FabricLoader) [Knot] Proposed file:/E:/Enderman's%20Saphire/.gradle/loom-cache/remapped_mods/net_fabricmc_yarn_1_17_1_1_17_1_build_14_v2/net/fabricmc/fabric-api/fabric-game-rule-api-v1/1.0.7+6cefd57718/fabric-game-rule-api-v1-1.0.7+6cefd57718.jar to classpath.
[17:25:39] [main/DEBUG] (FabricLoader) [Knot] Proposed file:/E:/Enderman's%20Saphire/.gradle/loom-cache/remapped_mods/net_fabricmc_yarn_1_17_1_1_17_1_build_14_v2/net/fabricmc/fabric-api/fabric-api-base/0.3.0+a02b446318/fabric-api-base-0.3.0+a02b446318.jar to classpath.
[17:25:39] [main/DEBUG] (FabricLoader) [Knot] Proposed file:/E:/Enderman's%20Saphire/.gradle/loom-cache/remapped_mods/net_fabricmc_yarn_1_17_1_1_17_1_build_14_v2/net/fabricmc/fabric-api/fabric-rendering-data-attachment-v1/0.1.5+a02b446318/fabric-rendering-data-attachment-v1-0.1.5+a02b446318.jar to classpath.
[17:25:39] [main/DEBUG] (FabricLoader) [Knot] Proposed file:/E:/Enderman's%20Saphire/.gradle/loom-cache/remapped_mods/net_fabricmc_yarn_1_17_1_1_17_1_build_14_v2/net/fabricmc/fabric-api/fabric-textures-v0/1.0.6+a02b446318/fabric-textures-v0-1.0.6+a02b446318.jar to classpath.
[17:25:39] [main/DEBUG] (FabricLoader) [Knot] Proposed file:/E:/Enderman's%20Saphire/.gradle/loom-cache/remapped_mods/net_fabricmc_yarn_1_17_1_1_17_1_build_14_v2/net/fabricmc/fabric-api/fabric-rendering-fluids-v1/0.1.13+a02b446318/fabric-rendering-fluids-v1-0.1.13+a02b446318.jar to classpath.
[17:25:39] [main/DEBUG] (FabricLoader) [Knot] Proposed file:/E:/Enderman's%20Saphire/.gradle/loom-cache/remapped_mods/net_fabricmc_yarn_1_17_1_1_17_1_build_14_v2/net/fabricmc/fabric-api/fabric-blockrenderlayer-v1/1.1.5+a02b446318/fabric-blockrenderlayer-v1-1.1.5+a02b446318.jar to classpath.
[17:25:39] [main/DEBUG] (FabricLoader) [Knot] Proposed file:/E:/Enderman's%20Saphire/.gradle/loom-cache/remapped_mods/net_fabricmc_yarn_1_17_1_1_17_1_build_14_v2/net/fabricmc/fabric-api/fabric-lifecycle-events-v1/1.4.4+a02b446318/fabric-lifecycle-events-v1-1.4.4+a02b446318.jar to classpath.
[17:25:39] [main/DEBUG] (FabricLoader) [Knot] Proposed file:/E:/Enderman's%20Saphire/.gradle/loom-cache/remapped_mods/net_fabricmc_yarn_1_17_1_1_17_1_build_14_v2/net/fabricmc/fabric-api/fabric-renderer-registries-v1/3.2.0+a02b446318/fabric-renderer-registries-v1-3.2.0+a02b446318.jar to classpath.
[17:25:39] [main/DEBUG] (FabricLoader) [Knot] Proposed file:/E:/Enderman's%20Saphire/.gradle/loom-cache/remapped_mods/net_fabricmc_yarn_1_17_1_1_17_1_build_14_v2/net/fabricmc/fabric-api/fabric-loot-tables-v1/1.0.4+a02b446318/fabric-loot-tables-v1-1.0.4+a02b446318.jar to classpath.
[17:25:39] [main/DEBUG] (FabricLoader) [Knot] Proposed file:/E:/Enderman's%20Saphire/.gradle/loom-cache/remapped_mods/net_fabricmc_yarn_1_17_1_1_17_1_build_14_v2/net/fabricmc/fabric-api/fabric-api/0.37.0+1.17/fabric-api-0.37.0+1.17.jar to classpath.
[17:25:39] [main/DEBUG] (FabricLoader) [Knot] Proposed file:/E:/Enderman's%20Saphire/.gradle/loom-cache/remapped_mods/net_fabricmc_yarn_1_17_1_1_17_1_build_14_v2/net/fabricmc/fabric-api/fabric-particles-v1/0.2.4+a02b446318/fabric-particles-v1-0.2.4+a02b446318.jar to classpath.
[17:25:39] [main/DEBUG] (FabricLoader) [Knot] Proposed file:/E:/Enderman's%20Saphire/.gradle/loom-cache/remapped_mods/net_fabricmc_yarn_1_17_1_1_17_1_build_14_v2/net/fabricmc/fabric-api/fabric-networking-v0/0.3.2+92519afa18/fabric-networking-v0-0.3.2+92519afa18.jar to classpath.
[17:25:39] [main/DEBUG] (FabricLoader) [Knot] Proposed file:/E:/Enderman's%20Saphire/.gradle/loom-cache/remapped_mods/net_fabricmc_yarn_1_17_1_1_17_1_build_14_v2/net/fabricmc/fabric-api/fabric-api-lookup-api-v1/1.2.0+2b5c62d018/fabric-api-lookup-api-v1-1.2.0+2b5c62d018.jar to classpath.
[17:25:39] [main/DEBUG] (FabricLoader) [Knot] Proposed file:/E:/Enderman's%20Saphire/bin/main/ to classpath.
[17:25:39] [main/DEBUG] (FabricLoader) [Knot] Proposed file:/E:/Enderman's%20Saphire/.gradle/loom-cache/remapped_mods/net_fabricmc_yarn_1_17_1_1_17_1_build_14_v2/net/fabricmc/fabric-api/fabric-screen-handler-api-v1/1.1.8+a02b446318/fabric-screen-handler-api-v1-1.1.8+a02b446318.jar to classpath.
[17:25:39] [main/DEBUG] (FabricLoader) [Knot] Proposed file:/E:/Enderman's%20Saphire/.gradle/loom-cache/remapped_mods/net_fabricmc_yarn_1_17_1_1_17_1_build_14_v2/net/fabricmc/fabric-api/fabric-networking-blockentity-v0/0.2.11+a02b446318/fabric-networking-blockentity-v0-0.2.11+a02b446318.jar to classpath.
[17:25:39] [main/DEBUG] (FabricLoader) [Knot] Proposed file:/E:/Enderman's%20Saphire/.gradle/loom-cache/remapped_mods/net_fabricmc_yarn_1_17_1_1_17_1_build_14_v2/net/fabricmc/fabric-api/fabric-command-api-v1/1.1.3+5ab9934c18/fabric-command-api-v1-1.1.3+5ab9934c18.jar to classpath.
[17:25:39] [main/DEBUG] (FabricLoader) [Knot] Proposed file:/E:/Enderman's%20Saphire/.gradle/loom-cache/remapped_mods/net_fabricmc_yarn_1_17_1_1_17_1_build_14_v2/net/fabricmc/fabric-api/fabric-screen-api-v1/1.0.4+155f865c18/fabric-screen-api-v1-1.0.4+155f865c18.jar to classpath.
[17:25:39] [main/DEBUG] (FabricLoader) [Knot] Proposed file:/E:/Enderman's%20Saphire/.gradle/loom-cache/remapped_mods/net_fabricmc_yarn_1_17_1_1_17_1_build_14_v2/net/fabricmc/fabric-api/fabric-tool-attribute-api-v1/1.2.12+b7ab612118/fabric-tool-attribute-api-v1-1.2.12+b7ab612118.jar to classpath.
[17:25:39] [main/DEBUG] (FabricLoader) [Knot] Proposed file:/E:/Enderman's%20Saphire/.gradle/loom-cache/remapped_mods/net_fabricmc_yarn_1_17_1_1_17_1_build_14_v2/net/fabricmc/fabric-api/fabric-renderer-indigo/0.4.8+a02b446318/fabric-renderer-indigo-0.4.8+a02b446318.jar to classpath.
[17:25:39] [main/DEBUG] (FabricLoader) [Knot] Proposed file:/E:/Enderman's%20Saphire/.gradle/loom-cache/remapped_mods/net_fabricmc_yarn_1_17_1_1_17_1_build_14_v2/net/fabricmc/fabric-api/fabric-crash-report-info-v1/0.1.5+be9da31018/fabric-crash-report-info-v1-0.1.5+be9da31018.jar to classpath.
[17:25:39] [main/DEBUG] (FabricLoader) [Knot] Proposed file:/E:/Enderman's%20Saphire/.gradle/loom-cache/remapped_mods/net_fabricmc_yarn_1_17_1_1_17_1_build_14_v2/net/fabricmc/fabric-api/fabric-events-interaction-v0/0.4.9+a722d8c018/fabric-events-interaction-v0-0.4.9+a722d8c018.jar to classpath.
[17:25:39] [main/DEBUG] (FabricLoader) [Knot] Proposed file:/E:/Enderman's%20Saphire/.gradle/loom-cache/remapped_mods/net_fabricmc_yarn_1_17_1_1_17_1_build_14_v2/net/fabricmc/fabric-api/fabric-item-api-v1/1.2.4+a02b446318/fabric-item-api-v1-1.2.4+a02b446318.jar to classpath.
[17:25:39] [main/DEBUG] (FabricLoader) [Knot] Proposed file:/E:/Enderman's%20Saphire/.gradle/loom-cache/remapped_mods/net_fabricmc_yarn_1_17_1_1_17_1_build_14_v2/net/fabricmc/fabric-api/fabric-entity-events-v1/1.1.0+a02b446318/fabric-entity-events-v1-1.1.0+a02b446318.jar to classpath.
[17:25:39] [main/DEBUG] (FabricLoader) [Knot] Proposed file:/E:/Enderman's%20Saphire/.gradle/loom-cache/remapped_mods/net_fabricmc_yarn_1_17_1_1_17_1_build_14_v2/net/fabricmc/fabric-api/fabric-rendering-v0/1.1.2+92519afa18/fabric-rendering-v0-1.1.2+92519afa18.jar to classpath.
[17:25:39] [main/DEBUG] (FabricLoader) [Knot] Proposed file:/E:/Enderman's%20Saphire/.gradle/loom-cache/remapped_mods/net_fabricmc_yarn_1_17_1_1_17_1_build_14_v2/net/fabricmc/fabric-api/fabric-rendering-v1/1.6.0+a02b446318/fabric-rendering-v1-1.6.0+a02b446318.jar to classpath.
[17:25:39] [main/DEBUG] (FabricLoader) [Knot] Proposed file:/E:/Enderman's%20Saphire/.gradle/loom-cache/remapped_mods/net_fabricmc_yarn_1_17_1_1_17_1_build_14_v2/net/fabricmc/fabric-api/fabric-key-binding-api-v1/1.0.4+a02b446318/fabric-key-binding-api-v1-1.0.4+a02b446318.jar to classpath.
[17:25:39] [main/DEBUG] (FabricLoader) [Knot] Proposed file:/E:/Enderman's%20Saphire/.gradle/loom-cache/remapped_mods/net_fabricmc_yarn_1_17_1_1_17_1_build_14_v2/net/fabricmc/fabric-api/fabric-resource-loader-v0/0.4.8+a00e834b18/fabric-resource-loader-v0-0.4.8+a00e834b18.jar to classpath.
[17:25:39] [main/DEBUG] (FabricLoader) [Knot] Proposed file:/E:/Enderman's%20Saphire/.gradle/loom-cache/remapped_mods/net_fabricmc_yarn_1_17_1_1_17_1_build_14_v2/net/fabricmc/fabric-api/fabric-content-registries-v0/0.2.2+a02b446318/fabric-content-registries-v0-0.2.2+a02b446318.jar to classpath.
[17:25:39] [main/DEBUG] (FabricLoader) [Knot] Proposed file:/E:/Enderman's%20Saphire/.gradle/loom-cache/remapped_mods/net_fabricmc_yarn_1_17_1_1_17_1_build_14_v2/net/fabricmc/fabric-api/fabric-tag-extensions-v0/1.1.4+a02b446318/fabric-tag-extensions-v0-1.1.4+a02b446318.jar to classpath.
[17:25:39] [main/DEBUG] (FabricLoader) [Knot] Proposed file:/E:/Enderman's%20Saphire/.gradle/loom-cache/remapped_mods/net_fabricmc_yarn_1_17_1_1_17_1_build_14_v2/net/fabricmc/fabric-api/fabric-biome-api-v1/3.1.11+c345aea818/fabric-biome-api-v1-3.1.11+c345aea818.jar to classpath.
[17:25:39] [main/DEBUG] (FabricLoader) [Knot] Proposed file:/E:/Enderman's%20Saphire/.gradle/loom-cache/remapped_mods/net_fabricmc_yarn_1_17_1_1_17_1_build_14_v2/net/fabricmc/fabric-api/fabric-commands-v0/0.2.2+92519afa18/fabric-commands-v0-0.2.2+92519afa18.jar to classpath.
[17:25:39] [main/DEBUG] (FabricLoader) [Knot] Proposed file:/E:/Enderman's%20Saphire/.gradle/loom-cache/remapped_mods/net_fabricmc_yarn_1_17_1_1_17_1_build_14_v2/net/fabricmc/fabric-api/fabric-registry-sync-v0/0.7.10+e2961fee18/fabric-registry-sync-v0-0.7.10+e2961fee18.jar to classpath.
[17:25:39] [main/DEBUG] (FabricLoader) [Knot] Proposed file:/E:/Enderman's%20Saphire/.gradle/loom-cache/remapped_mods/net_fabricmc_yarn_1_17_1_1_17_1_build_14_v2/net/fabricmc/fabric-api/fabric-mining-levels-v0/0.1.3+92519afa18/fabric-mining-levels-v0-0.1.3+92519afa18.jar to classpath.
[17:25:39] [main/DEBUG] (FabricLoader) [Knot] Proposed file:/E:/Enderman's%20Saphire/.gradle/loom-cache/remapped_mods/net_fabricmc_yarn_1_17_1_1_17_1_build_14_v2/net/fabricmc/fabric-api/fabric-networking-api-v1/1.0.12+6cefd57718/fabric-networking-api-v1-1.0.12+6cefd57718.jar to classpath.
[17:25:39] [main/DEBUG] (FabricLoader) [Knot] Proposed file:/E:/Enderman's%20Saphire/.gradle/loom-cache/remapped_mods/net_fabricmc_yarn_1_17_1_1_17_1_build_14_v2/net/fabricmc/fabric-api/fabric-events-lifecycle-v0/0.2.1+92519afa18/fabric-events-lifecycle-v0-0.2.1+92519afa18.jar to classpath.
[17:25:39] [main/DEBUG] (FabricLoader) [Knot] Proposed file:/E:/Enderman's%20Saphire/.gradle/loom-cache/remapped_mods/net_fabricmc_yarn_1_17_1_1_17_1_build_14_v2/net/fabricmc/fabric-api/fabric-models-v0/0.3.0+a02b446318/fabric-models-v0-0.3.0+a02b446318.jar to classpath.
[17:25:39] [main/DEBUG] (FabricLoader) [Knot] Proposed file:/E:/Enderman's%20Saphire/.gradle/loom-cache/remapped_mods/net_fabricmc_yarn_1_17_1_1_17_1_build_14_v2/net/fabricmc/fabric-api/fabric-item-groups-v0/0.2.10+b7ab612118/fabric-item-groups-v0-0.2.10+b7ab612118.jar to classpath.
[17:25:39] [main/DEBUG] (FabricLoader) [Knot] Proposed file:/E:/Enderman's%20Saphire/.gradle/loom-cache/remapped_mods/net_fabricmc_yarn_1_17_1_1_17_1_build_14_v2/net/fabricmc/fabric-api/fabric-object-builders-v0/0.7.3+a02b446318/fabric-object-builders-v0-0.7.3+a02b446318.jar to classpath.
[17:25:39] [main/WARN] (Fabric|Loader) Mod `enderman` (${version}) does not respect SemVer - comparison support is limited.
[17:25:39] [main/DEBUG] (Fabric|Loader) Registering new-style initializer net.fabricmc.fabric.impl.structure.FabricStructureImpl for mod fabric-structure-api-v1 (key main)
[17:25:39] [main/DEBUG] (Fabric|Loader) Registering new-style initializer net.fabricmc.fabric.impl.client.container.ScreenProviderRegistryImpl::init for mod fabric-containers-v0 (key client)
[17:25:39] [main/DEBUG] (Fabric|Loader) Registering new-style initializer net.fabricmc.fabric.impl.event.lifecycle.ClientLifecycleEventsImpl for mod fabric-lifecycle-events-v1 (key client)
[17:25:39] [main/DEBUG] (Fabric|Loader) Registering new-style initializer net.fabricmc.fabric.impl.event.lifecycle.LifecycleEventsImpl for mod fabric-lifecycle-events-v1 (key main)
[17:25:39] [main/DEBUG] (Fabric|Loader) Registering new-style initializer net.fabricmc.fabric.impl.networking.OldClientNetworkingHooks for mod fabric-networking-v0 (key client)
[17:25:39] [main/DEBUG] (Fabric|Loader) Registering new-style initializer net.fabricmc.fabric.impl.networking.OldNetworkingHooks for mod fabric-networking-v0 (key main)
[17:25:39] [main/DEBUG] (Fabric|Loader) Registering new-style initializer net.endermans.sapphire.EndermansSapphire for mod enderman (key main)
[17:25:39] [main/DEBUG] (Fabric|Loader) Registering new-style initializer net.fabricmc.fabric.impl.screenhandler.client.ClientNetworking for mod fabric-screen-handler-api-v1 (key client)
[17:25:39] [main/DEBUG] (Fabric|Loader) Registering new-style initializer net.fabricmc.fabric.impl.tool.attribute.ToolHandlers for mod fabric-tool-attribute-api-v1 (key main)
[17:25:39] [main/DEBUG] (Fabric|Loader) Registering new-style initializer net.fabricmc.fabric.impl.client.indigo.Indigo for mod fabric-renderer-indigo (key client)
[17:25:39] [main/DEBUG] (Fabric|Loader) Registering new-style initializer net.fabricmc.fabric.impl.event.interaction.InteractionEventsRouterClient for mod fabric-events-interaction-v0 (key client)
[17:25:39] [main/DEBUG] (Fabric|Loader) Registering new-style initializer net.fabricmc.fabric.impl.event.interaction.InteractionEventsRouter for mod fabric-events-interaction-v0 (key main)
[17:25:39] [main/DEBUG] (Fabric|Loader) Registering new-style initializer net.fabricmc.fabric.impl.client.rendering.RenderingCallbackInvoker for mod fabric-rendering-v0 (key client)
[17:25:39] [main/DEBUG] (Fabric|Loader) Registering new-style initializer net.fabricmc.fabric.impl.registry.sync.FabricRegistryClientInit for mod fabric-registry-sync-v0 (key client)
[17:25:39] [main/DEBUG] (Fabric|Loader) Registering new-style initializer net.fabricmc.fabric.impl.registry.sync.FabricRegistryInit for mod fabric-registry-sync-v0 (key main)
[17:25:39] [main/DEBUG] (Fabric|Loader) Registering new-style initializer net.fabricmc.fabric.impl.networking.client.ClientNetworkingImpl::clientInit for mod fabric-networking-api-v1 (key client)
[17:25:39] [main/DEBUG] (Fabric|Loader) Registering new-style initializer net.fabricmc.fabric.impl.networking.NetworkingImpl::init for mod fabric-networking-api-v1 (key main)
[17:25:39] [main/DEBUG] (Fabric|Loader) Registering new-style initializer net.fabricmc.fabric.impl.event.lifecycle.client.LegacyClientEventInvokers for mod fabric-events-lifecycle-v0 (key client)
[17:25:39] [main/DEBUG] (Fabric|Loader) Registering new-style initializer net.fabricmc.fabric.impl.event.lifecycle.LegacyEventInvokers for mod fabric-events-lifecycle-v0 (key main)
[17:25:39] [main/DEBUG] (FabricLoader) Loading mappings took 383 ms
[17:25:39] [main/DEBUG] (mixin) Mixin bootstrap service org.spongepowered.asm.service.mojang.MixinServiceLaunchWrapperBootstrap is not available: LaunchWrapper is not available
[17:25:39] [main/DEBUG] (mixin) Mixin bootstrap service org.spongepowered.asm.service.modlauncher.MixinServiceModLauncherBootstrap is not available: ModLauncher is not available
[17:25:39] [main/DEBUG] (mixin) MixinService [ModLauncher] is not valid
[17:25:39] [main/DEBUG] (mixin) MixinService [Knot/Fabric] was successfully booted in jdk.internal.loader.ClassLoaders$AppClassLoader@659e0bfd
[17:25:39] [main/INFO] (mixin) SpongePowered MIXIN Subsystem Version=0.8.2 Source=file:/C:/Users/dasgu/.gradle/caches/modules-2/files-2.1/net.fabricmc/sponge-mixin/0.9.4+mixin.0.8.2/ef410951e94c7f4939cc74c86f8df371827818a4/sponge-mixin-0.9.4+mixin.0.8.2.jar Service=Knot/Fabric Env=CLIENT
[17:25:39] [main/DEBUG] (mixin) Initialising Mixin Platform Manager
[17:25:39] [main/DEBUG] (mixin) Adding mixin platform agents for container ContainerHandleURI(file:/E:/Enderman's%20Saphire/.gradle/loom-cache/remapped_mods/net_fabricmc_yarn_1_17_1_1_17_1_build_14_v2/net/fabricmc/fabric-loader/0.11.6/fabric-loader-0.11.6.jar)
[17:25:39] [main/DEBUG] (mixin) Instancing new MixinPlatformAgentDefault for ContainerHandleURI(file:/E:/Enderman's%20Saphire/.gradle/loom-cache/remapped_mods/net_fabricmc_yarn_1_17_1_1_17_1_build_14_v2/net/fabricmc/fabric-loader/0.11.6/fabric-loader-0.11.6.jar)
[17:25:39] [main/DEBUG] (mixin) MixinPlatformAgentDefault accepted container ContainerHandleURI(file:/E:/Enderman's%20Saphire/.gradle/loom-cache/remapped_mods/net_fabricmc_yarn_1_17_1_1_17_1_build_14_v2/net/fabricmc/fabric-loader/0.11.6/fabric-loader-0.11.6.jar)
[17:25:39] [main/DEBUG] (mixin) Instancing new MixinPlatformAgentDefault for ContainerHandleURI(file:/E:/Enderman's%20Saphire/.gradle/loom-cache/remapped_mods/net_fabricmc_yarn_1_17_1_1_17_1_build_14_v2/net/fabricmc/fabric-loader/0.11.6/fabric-loader-0.11.6.jar)
[17:25:39] [main/DEBUG] (mixin) MixinPlatformAgentDefault accepted container ContainerHandleURI(file:/E:/Enderman's%20Saphire/.gradle/loom-cache/remapped_mods/net_fabricmc_yarn_1_17_1_1_17_1_build_14_v2/net/fabricmc/fabric-loader/0.11.6/fabric-loader-0.11.6.jar)
[17:25:39] [main/DEBUG] (mixin) Processing prepare() for PlatformAgent[MixinPlatformAgentDefault:ContainerHandleURI(file:/E:/Enderman's%20Saphire/.gradle/loom-cache/remapped_mods/net_fabricmc_yarn_1_17_1_1_17_1_build_14_v2/net/fabricmc/fabric-loader/0.11.6/fabric-loader-0.11.6.jar)]
[17:25:39] [main/DEBUG] (mixin) Processing prepare() for PlatformAgent[MixinPlatformAgentDefault:ContainerHandleURI(file:/E:/Enderman's%20Saphire/.gradle/loom-cache/remapped_mods/net_fabricmc_yarn_1_17_1_1_17_1_build_14_v2/net/fabricmc/fabric-loader/0.11.6/fabric-loader-0.11.6.jar)]
[17:25:40] [main/INFO] (Fabric|MixinBootstrap) Loaded Fabric development mappings for mixin remapper!
[17:25:40] [main/INFO] (mixin) Compatibility level set to JAVA_16
[17:25:40] [main/DEBUG] (mixin) Mixin config fabric-networking-blockentity-v0.mixins.json does not specify "minVersion" property
[17:25:40] [main/DEBUG] (mixin) Mixin config fabric-screen-handler-api-v1.mixins.json does not specify "minVersion" property
[17:25:40] [main/DEBUG] (mixin) Mixin config fabric-lifecycle-events-v1.mixins.json does not specify "minVersion" property
[17:25:40] [main/DEBUG] (mixin) Mixin config fabric-containers-v0.mixins.json does not specify "minVersion" property
[17:25:40] [main/DEBUG] (mixin) Mixin config fabric-rendering-data-attachment-v1.mixins.json does not specify "minVersion" property
[17:25:40] [main/DEBUG] (mixin) Mixin config fabric-renderer-indigo.mixins.json does not specify "minVersion" property
[17:25:40] [main/DEBUG] (mixin) Mixin config fabric-structure-api-v1.mixins.json does not specify "minVersion" property
[17:25:40] [main/DEBUG] (mixin) Mixin config fabric-events-interaction-v0.mixins.json does not specify "minVersion" property
[17:25:40] [main/DEBUG] (mixin) Mixin config fabric-item-api-v1.mixins.json does not specify "minVersion" property
[17:25:40] [main/DEBUG] (mixin) Mixin config fabric-loot-tables-v1.mixins.json does not specify "minVersion" property
[17:25:40] [main/DEBUG] (mixin) Mixin config fabric-object-builder-v1.mixins.json does not specify "minVersion" property
[17:25:40] [main/DEBUG] (mixin) Mixin config fabric-screen-api-v1.mixins.json does not specify "minVersion" property
[17:25:40] [main/DEBUG] (mixin) Mixin config fabric-dimensions-v1.mixins.json does not specify "minVersion" property
[17:25:40] [main/DEBUG] (mixin) Mixin config fabric-renderer-registries-v1.mixins.json does not specify "minVersion" property
[17:25:40] [main/DEBUG] (mixin) Mixin config fabric-textures-v0.mixins.json does not specify "minVersion" property
[17:25:40] [main/DEBUG] (mixin) Mixin config fabric-registry-sync-v0.mixins.json does not specify "minVersion" property
[17:25:40] [main/DEBUG] (mixin) Mixin config fabric-models-v0.mixins.json does not specify "minVersion" property
[17:25:40] [main/DEBUG] (mixin) Mixin config fabric-blockrenderlayer-v1.mixins.json does not specify "minVersion" property
[17:25:40] [main/DEBUG] (mixin) Mixin config fabric-renderer-api-v1.debughud.mixins.json does not specify "minVersion" property
[17:25:40] [main/DEBUG] (mixin) Mixin config fabric-containers-v0.accurate.mixins.json does not specify "minVersion" property
[17:25:40] [main/DEBUG] (mixin) Mixin config fabric-rendering-fluids-v1.mixins.json does not specify "minVersion" property
[17:25:40] [main/DEBUG] (mixin) Mixin config fabric-biome-api-v1.mixins.json does not specify "minVersion" property
[17:25:40] [main/DEBUG] (mixin) Mixin config fabric-resource-loader-v0.mixins.json does not specify "minVersion" property
[17:25:40] [main/DEBUG] (mixin) Mixin config fabric-game-rule-api-v1.mixins.json does not specify "minVersion" property
[17:25:40] [main/DEBUG] (mixin) Mixin config fabric-networking-api-v1.mixins.json does not specify "minVersion" property
[17:25:40] [main/DEBUG] (mixin) Mixin config fabric-particles-v1.mixins.json does not specify "minVersion" property
[17:25:40] [main/DEBUG] (mixin) Mixin config fabric-object-builders-v0.mixins.json does not specify "minVersion" property
[17:25:40] [main/DEBUG] (mixin) Mixin config fabric-tag-extensions-v0.mixins.json does not specify "minVersion" property
[17:25:40] [main/DEBUG] (mixin) Mixin config fabric-tool-attribute-api-v1.mixins.json does not specify "minVersion" property
[17:25:40] [main/DEBUG] (mixin) Mixin config fabric-rendering-v1.mixins.json does not specify "minVersion" property
[17:25:40] [main/DEBUG] (mixin) Mixin config fabric-transfer-api-v1.mixins.json does not specify "minVersion" property
[17:25:40] [main/DEBUG] (mixin) Mixin config fabric-item-groups-v0.mixins.json does not specify "minVersion" property
