[17:25:39] [main/INFO] (FabricLoader) Loading for game Minecraft 1.17.1
[17:25:39] [main/INFO] (Fabric|Loader) [FabricLoader] Loading 49 mods:
	- enderman@${version}
	- fabric@0.37.0+1.17
	- fabric-api-base@0.3.0+a02b446318
	- fabric-api-lookup-api-v1@1.2.0+2b5c62d018
	- fabric-biome-api-v1@3.1.11+c345aea818
	- fabric-blockrenderlayer-v1@1.1.5+a02b446318
	- fabric-command-api-v1@1.1.3+5ab9934c18
	- fabric-commands-v0@0.2.2+92519afa18
	- fabric-containers-v0@0.1.12+a02b446318
	- fabric-content-registries-v0@0.2.2+a02b446318
	- fabric-crash-report-info-v1@0.1.5+be9da31018
	- fabric-dimensions-v1@2.0.11+6cefd57718
	- fabric-entity-events-v1@1.1.0+a02b446318
	- fabric-events-interaction-v0@0.4.9+a722d8c018
	- fabric-events-lifecycle-v0@0.2.1+92519afa18
	- fabric-game-rule-api-v1@1.0.7+6cefd57718
	- fabric-item-api-v1@1.2.4+a02b446318
	- fabric-item-groups-v0@0.2.10+b7ab612118
	- fabric-key-binding-api-v1@1.0.4+a02b446318
	- fabric-keybindings-v0@0.2.2+36b77c3e18
	- fabric-lifecycle-events-v1@1.4.4+a02b446318
	- fabric-loot-tables-v1@1.0.4+a02b446318
	- fabric-mining-levels-v0@0.1.3+92519afa18
	- fabric-models-v0@0.3.0+a02b446318
	- fabric-networking-api-v1@1.0.12+6cefd57718
	- fabric-networking-blockentity-v0@0.2.11+a02b446318
	- fabric-networking-v0@0.3.2+92519afa18
	- fabric-object-builder-api-v1@1.10.9+b7ab612118
	- fabric-object-builders-v0@0.7.3+a02b446318
	- fabric-particles-v1@0.2.4+a02b446318
	- fabric-registry-sync-v0@0.7.10+e2961fee18
	- fabric-renderer-api-v1@0.4.4+5f02c96918
	- fabric-renderer-indigo@0.4.8+a02b446318
	- fabric-renderer-registries-v1@3.2.0+a02b446318
	- fabric-rendering-data-attachment-v1@0.1.5+a02b446318
	- fabric-rendering-fluids-v1@0.1.13+a02b446318
	- fabric-rendering-v0@1.1.2+92519afa18
	- fabric-rendering-v1@1.6.0+a02b446318
	- fabric-resource-loader-v0@0.4.8+a00e834b18
	- fabric-screen-api-v1@1.0.4+155f865c18
	- fabric-screen-handler-api-v1@1.1.8+a02b446318
	- fabric-structure-api-v1@1.1.12+6cefd57718
	- fabric-tag-extensions-v0@1.1.4+a02b446318
	- fabric-textures-v0@1.0.6+a02b446318
	- fabric-tool-attribute-api-v1@1.2.12+b7ab612118
	- fabric-transfer-api-v1@1.0.0+3fe3c3f518
	- fabricloader@0.11.6
	- java@16
	- minecraft@1.17.1
[17:25:39] [main/WARN] (Fabric|Loader) Mod `enderman` (${version}) does not respect SemVer - comparison support is limited.
[17:25:39] [main/INFO] (mixin) SpongePowered MIXIN Subsystem Version=0.8.2 Source=file:/C:/Users/dasgu/.gradle/caches/modules-2/files-2.1/net.fabricmc/sponge-mixin/0.9.4+mixin.0.8.2/ef410951e94c7f4939cc74c86f8df371827818a4/sponge-mixin-0.9.4+mixin.0.8.2.jar Service=Knot/Fabric Env=CLIENT
[17:25:40] [main/INFO] (Fabric|MixinBootstrap) Loaded Fabric development mappings for mixin remapper!
[17:25:40] [main/INFO] (mixin) Compatibility level set to JAVA_16
